[INFO] [A05FCAAA-DADB-4186-9AFB-71794B878C86] [2019-05-18 10:54:39 GMT+08:00] Server Start Successful
[INFO] [CBF633F7-8309-4F39-B389-D188934CFBB1] [2019-05-18 10:55:13 GMT+08:00] Server Start Successful
[INFO] [DD3D3887-ACF7-47EF-AAB7-0B2355F52320] [2019-05-18 10:56:06 GMT+08:00] Server Start Successful
[ERROR] [DC71DC2E-D49C-4C14-8F39-CE2183B1B9A3] [2019-05-18 10:56:17 GMT+08:00] {
  "方法名" : "每10秒检测数据库",
  "日期" : "2019.05.18 10:56:17:352",
  "信息内容" : ""
}
[INFO] [2142B406-98F7-4389-A760-8F59657FE056] [2019-05-18 10:56:38 GMT+08:00] Server Start Successful
[ERROR] [85E57D13-8DD7-4DA9-B650-486CB61DD73C] [2019-05-18 10:56:48 GMT+08:00] {
  "日期" : "2019.05.18 10:56:48:575",
  "信息内容" : "",
  "方法名" : "每10秒检测数据库"
}
[ERROR] [B5EFF7BA-F520-41E1-8F8A-6FB928363D76] [2019-05-18 10:56:48 GMT+08:00] {
  "信息内容" : "成功",
  "方法名" : "连接数据库",
  "日期" : "2019.05.18 10:56:48:757"
}
[ERROR] [C5D3FE50-FA57-4C7F-9434-D3FB06BFC6B3] [2019-05-18 10:56:48 GMT+08:00] {
  "信息内容" : "FilePlay成功",
  "方法名" : "连接Schema：",
  "日期" : "2019.05.18 10:56:48:811"
}
[ERROR] [7EB63E7C-21D8-466A-9F81-DC8FBFEF2FB4] [2019-05-18 10:56:48 GMT+08:00] {
  "方法名" : "每10秒检测数据库",
  "日期" : "2019.05.18 10:56:48:910",
  "信息内容" : "成功"
}
[ERROR] [E5298052-D32D-49EC-AC5B-BC9CC2C2BBD8] [2019-05-18 10:56:58 GMT+08:00] {
  "日期" : "2019.05.18 10:56:58:910",
  "方法名" : "每10秒检测数据库",
  "信息内容" : ""
}
[ERROR] [AA9B5556-9D30-42FE-AAC1-466025EC6EAF] [2019-05-18 10:56:58 GMT+08:00] {
  "方法名" : "检测数据库",
  "日期" : "2019.05.18 10:56:58:911",
  "信息内容" : "失败：Commands out of sync; you can't run this command now"
}
[ERROR] [AB2D8547-3879-41B6-BACC-FEBACBB280C7] [2019-05-18 10:57:08 GMT+08:00] {
  "方法名" : "每10秒检测数据库",
  "信息内容" : "",
  "日期" : "2019.05.18 10:57:08:915"
}
[ERROR] [35E66681-E12E-4812-B208-674CC149FED9] [2019-05-18 10:57:08 GMT+08:00] {
  "方法名" : "检测数据库",
  "信息内容" : "失败：Commands out of sync; you can't run this command now",
  "日期" : "2019.05.18 10:57:08:915"
}
[ERROR] [77167D4A-9ECB-4809-9F6E-6F8392D06C1A] [2019-05-18 10:57:18 GMT+08:00] {
  "日期" : "2019.05.18 10:57:18:919",
  "方法名" : "每10秒检测数据库",
  "信息内容" : ""
}
[ERROR] [2AE418A3-A21E-496B-81E8-F862666C43D5] [2019-05-18 10:57:18 GMT+08:00] {
  "方法名" : "检测数据库",
  "日期" : "2019.05.18 10:57:18:920",
  "信息内容" : "失败：Commands out of sync; you can't run this command now"
}
[ERROR] [72458CC4-3F0C-454F-A25C-CC7E1088FAC9] [2019-05-18 10:57:28 GMT+08:00] {
  "日期" : "2019.05.18 10:57:28:924",
  "方法名" : "每10秒检测数据库",
  "信息内容" : ""
}
[ERROR] [952DF7E1-9A86-4A83-BC2B-78F39DB728AE] [2019-05-18 10:57:28 GMT+08:00] {
  "信息内容" : "失败：Commands out of sync; you can't run this command now",
  "日期" : "2019.05.18 10:57:28:924",
  "方法名" : "检测数据库"
}
[ERROR] [59363DA6-31E8-48FB-931F-E269183849CA] [2019-05-18 10:57:38 GMT+08:00] {
  "信息内容" : "",
  "日期" : "2019.05.18 10:57:38:928",
  "方法名" : "每10秒检测数据库"
}
[ERROR] [C958A0E7-31C7-4E92-BE37-780726088B80] [2019-05-18 10:57:38 GMT+08:00] {
  "方法名" : "检测数据库",
  "信息内容" : "失败：Commands out of sync; you can't run this command now",
  "日期" : "2019.05.18 10:57:38:929"
}
[ERROR] [63F0DBB9-8044-4F61-8D77-18F41B53F444] [2019-05-18 10:57:48 GMT+08:00] {
  "日期" : "2019.05.18 10:57:48:933",
  "方法名" : "每10秒检测数据库",
  "信息内容" : ""
}
[ERROR] [998C1C7A-7174-4216-96DB-16A865A27E8D] [2019-05-18 10:57:48 GMT+08:00] {
  "日期" : "2019.05.18 10:57:48:933",
  "方法名" : "检测数据库",
  "信息内容" : "失败：Commands out of sync; you can't run this command now"
}
[ERROR] [A5EF1FF2-8475-4EE6-ADE8-B1CA249A159E] [2019-05-18 10:57:58 GMT+08:00] {
  "日期" : "2019.05.18 10:57:58:937",
  "方法名" : "每10秒检测数据库",
  "信息内容" : ""
}
[ERROR] [37F44D29-CD3B-494C-A281-ED95001B7152] [2019-05-18 10:57:58 GMT+08:00] {
  "日期" : "2019.05.18 10:57:58:938",
  "方法名" : "检测数据库",
  "信息内容" : "失败：Commands out of sync; you can't run this command now"
}
[ERROR] [E6FFEC6D-594E-446B-9A4F-53B05E98BEA0] [2019-05-18 10:58:08 GMT+08:00] {
  "日期" : "2019.05.18 10:58:08:942",
  "方法名" : "每10秒检测数据库",
  "信息内容" : ""
}
[ERROR] [423868D6-13B5-41DE-B60B-50DB6F310106] [2019-05-18 10:58:08 GMT+08:00] {
  "方法名" : "检测数据库",
  "日期" : "2019.05.18 10:58:08:942",
  "信息内容" : "失败：Commands out of sync; you can't run this command now"
}
[ERROR] [E9C3BABC-ED10-4958-AF2A-68B9A6058FB6] [2019-05-18 10:58:18 GMT+08:00] {
  "日期" : "2019.05.18 10:58:18:946",
  "方法名" : "每10秒检测数据库",
  "信息内容" : ""
}
[ERROR] [8A810E69-95A8-4FAA-88DD-DB0F8CDAA5DB] [2019-05-18 10:58:18 GMT+08:00] {
  "日期" : "2019.05.18 10:58:18:947",
  "方法名" : "检测数据库",
  "信息内容" : "失败：Commands out of sync; you can't run this command now"
}
[ERROR] [278736FE-5C55-490B-A29E-6D667C606F29] [2019-05-18 10:58:28 GMT+08:00] {
  "日期" : "2019.05.18 10:58:28:951",
  "方法名" : "每10秒检测数据库",
  "信息内容" : ""
}
[ERROR] [66B32F8E-0980-4D85-AE50-9804FED42CEE] [2019-05-18 10:58:28 GMT+08:00] {
  "信息内容" : "失败：Commands out of sync; you can't run this command now",
  "日期" : "2019.05.18 10:58:28:951",
  "方法名" : "检测数据库"
}
[ERROR] [848001B9-B401-46D2-BB5D-EE3D386AF097] [2019-05-18 10:58:38 GMT+08:00] {
  "日期" : "2019.05.18 10:58:38:955",
  "方法名" : "每10秒检测数据库",
  "信息内容" : ""
}
[ERROR] [4D1521E7-B8BA-4143-878D-12DE1F358816] [2019-05-18 10:58:38 GMT+08:00] {
  "日期" : "2019.05.18 10:58:38:956",
  "方法名" : "检测数据库",
  "信息内容" : "失败：Commands out of sync; you can't run this command now"
}
[ERROR] [EB46F1D5-EF54-4F53-A484-195FF2B35260] [2019-05-18 10:58:48 GMT+08:00] {
  "日期" : "2019.05.18 10:58:48:960",
  "方法名" : "每10秒检测数据库",
  "信息内容" : ""
}
[ERROR] [3887D706-3A9A-4B22-AE8A-DA95246F9F57] [2019-05-18 10:58:48 GMT+08:00] {
  "日期" : "2019.05.18 10:58:48:960",
  "方法名" : "检测数据库",
  "信息内容" : "失败：Commands out of sync; you can't run this command now"
}
[ERROR] [427C62F4-32C7-40ED-BBF9-047C0593BCB9] [2019-05-18 10:58:58 GMT+08:00] {
  "信息内容" : "",
  "日期" : "2019.05.18 10:58:58:964",
  "方法名" : "每10秒检测数据库"
}
[ERROR] [8AC453C9-0BB2-4513-8F93-809A1FD4420A] [2019-05-18 10:58:58 GMT+08:00] {
  "方法名" : "检测数据库",
  "日期" : "2019.05.18 10:58:58:965",
  "信息内容" : "失败：Commands out of sync; you can't run this command now"
}
[ERROR] [D38B407C-6382-48EB-856B-2794D7321CFA] [2019-05-18 10:59:08 GMT+08:00] {
  "信息内容" : "",
  "日期" : "2019.05.18 10:59:08:969",
  "方法名" : "每10秒检测数据库"
}
[ERROR] [D96E1AB2-C1E4-41C7-A31A-1ED248B13E3E] [2019-05-18 10:59:08 GMT+08:00] {
  "方法名" : "检测数据库",
  "信息内容" : "失败：Commands out of sync; you can't run this command now",
  "日期" : "2019.05.18 10:59:08:969"
}
[ERROR] [993D11C9-96AB-4927-AC03-2371F8628342] [2019-05-18 10:59:18 GMT+08:00] {
  "日期" : "2019.05.18 10:59:18:973",
  "方法名" : "每10秒检测数据库",
  "信息内容" : ""
}
[ERROR] [FBE8CEF6-99A6-43A6-8C0F-21C68519ACAC] [2019-05-18 10:59:18 GMT+08:00] {
  "日期" : "2019.05.18 10:59:18:973",
  "方法名" : "检测数据库",
  "信息内容" : "失败：Commands out of sync; you can't run this command now"
}
[ERROR] [FFD7AC39-AD19-42FF-AE79-340C99828283] [2019-05-18 10:59:28 GMT+08:00] {
  "日期" : "2019.05.18 10:59:28:977",
  "方法名" : "每10秒检测数据库",
  "信息内容" : ""
}
[ERROR] [F06CAC09-BCB3-4505-BD6A-799484FAFCFC] [2019-05-18 10:59:28 GMT+08:00] {
  "日期" : "2019.05.18 10:59:28:978",
  "方法名" : "检测数据库",
  "信息内容" : "失败：Commands out of sync; you can't run this command now"
}
[INFO] [72C21481-5451-4437-AE3A-CA0446F96A98] [2019-05-18 11:00:51 GMT+08:00] Server Start Successful
[ERROR] [02FB6F17-0404-455E-AB94-D08DE1847850] [2019-05-18 11:01:01 GMT+08:00] {
  "方法名" : "连接数据库",
  "信息内容" : "成功",
  "日期" : "2019.05.18 11:01:01:624"
}
[ERROR] [4BE499CA-4D1B-4F50-887F-78ECE8E843E4] [2019-05-18 11:01:01 GMT+08:00] {
  "方法名" : "连接Schema：",
  "日期" : "2019.05.18 11:01:01:625",
  "信息内容" : "FilePlay成功"
}
[INFO] [F9D31F1A-8DCD-4D5D-8D60-BE4C671F4769] [2019-05-18 11:03:55 GMT+08:00] Server Start Successful
[ERROR] [F16D468D-BB4E-4C8F-B539-0604A439FA0C] [2019-05-18 11:04:06 GMT+08:00] {
  "信息内容" : "成功",
  "日期" : "2019.05.18 11:04:06:347",
  "方法名" : "连接数据库"
}
[ERROR] [441455D5-8E6F-4ED5-B54E-58546B41DA44] [2019-05-18 11:04:06 GMT+08:00] {
  "信息内容" : "FilePlay成功",
  "方法名" : "连接Schema：",
  "日期" : "2019.05.18 11:04:06:349"
}
