[INFO] [ECE50016-C8F3-4B39-BD43-B9066169433A] [2019-03-09 11:05:47 GMT+08:00] Server Start Successful
[INFO] [62A2B7E9-9A66-4C2D-B542-041D47E4D547] [2019-03-09 11:08:01 GMT+08:00] {
"信息内容" : "成功",
"方法名" : "连接数据库",
"日期" : "2019.03.09 11:08:01:257"
}
[INFO] [83F8A350-19E6-49A7-AE50-97F0116A0D7F] [2019-03-09 11:08:01 GMT+08:00] {
"信息内容" : "FilePlay成功",
"方法名" : "连接Schema：",
"日期" : "2019.03.09 11:08:01:266"
}
[INFO] [3DB0E354-4FE5-43A0-978E-0FE7F2A9C764] [2019-03-09 16:41:38 GMT+08:00] Server Start Successful
[INFO] [CE8AAAC1-D403-4C0B-87D5-9B3C450728D9] [2019-03-09 16:41:54 GMT+08:00] {
"信息内容" : "成功",
"日期" : "2019.03.09 16:41:54:915",
"方法名" : "连接数据库"
}
[INFO] [B1660EFF-9C8A-4E40-ADB6-B2AA1D203023] [2019-03-09 16:41:54 GMT+08:00] {
"信息内容" : "FilePlay成功",
"日期" : "2019.03.09 16:41:54:918",
"方法名" : "连接Schema："
}
[INFO] [53ACE598-D132-4FEB-810E-E16E1CE5CC14] [2019-03-09 16:44:11 GMT+08:00] Server Start Successful
[INFO] [F08A5600-AC00-4556-8EF5-5B13E4458D2D] [2019-03-09 16:44:48 GMT+08:00] {
"方法名" : "连接数据库",
"日期" : "2019.03.09 16:44:48:400",
"信息内容" : "成功"
}
[INFO] [C5084500-0907-4F80-9C2F-55390F602BFD] [2019-03-09 16:44:48 GMT+08:00] {
"方法名" : "连接Schema：",
"日期" : "2019.03.09 16:44:48:403",
"信息内容" : "FilePlay成功"
}
[INFO] [D87D2464-9254-47C7-AF38-D5D2BEF034B4] [2019-03-09 18:02:20 GMT+08:00] Server Start Successful
[INFO] [D701A026-448C-4F33-BA14-CECABB521D45] [2019-03-09 18:02:22 GMT+08:00] {
"日期" : "2019.03.09 18:02:22:119",
"方法名" : "连接数据库",
"信息内容" : "成功"
}
[INFO] [02C78564-3011-48F1-9D6D-D1AAD4EAAD50] [2019-03-09 18:02:22 GMT+08:00] {
"日期" : "2019.03.09 18:02:22:139",
"方法名" : "连接Schema：",
"信息内容" : "FilePlay成功"
}
[INFO] [905F42C7-07C0-4EDE-9151-F60460BFF96D] [2019-03-09 18:08:06 GMT+08:00] {
"日期" : "2019.03.09 18:08:06:573",
"方法名" : "用户关注列表",
"信息内容" : "Unknown column 'account_table.userId' in 'field list'"
}
[INFO] [4287EE52-64B5-4286-83DA-435BF529BBC0] [2019-03-09 18:08:40 GMT+08:00] Server Start Successful
[INFO] [D05D3A4E-B583-4C52-B99F-E5394933930C] [2019-03-09 18:09:00 GMT+08:00] Server Start Successful
[INFO] [4360C648-D5BA-4D30-A5F3-E0C23F88F297] [2019-03-09 18:09:32 GMT+08:00] {
"方法名" : "连接数据库",
"日期" : "2019.03.09 18:09:32:224",
"信息内容" : "成功"
}
[INFO] [4E6B375A-D23C-4DB8-A145-14465D30DB2F] [2019-03-09 18:09:32 GMT+08:00] {
"方法名" : "连接Schema：",
"日期" : "2019.03.09 18:09:32:225",
"信息内容" : "FilePlay成功"
}
[INFO] [B930B4D5-F9AC-401F-A1B0-2CC10A90A162] [2019-03-09 20:09:41 GMT+08:00] Server Start Successful
[INFO] [707F639B-5FA7-453E-A51A-CEBB49630F6F] [2019-03-09 20:39:20 GMT+08:00] Server Start Successful
[INFO] [6F547347-AD7C-4264-92DD-6C80A2020FC7] [2019-03-09 20:40:13 GMT+08:00] Server Start Successful
[INFO] [D98A9D19-6CE7-4045-BD4B-CB05E938BFE6] [2019-03-09 20:43:16 GMT+08:00] Server Start Successful
[INFO] [854E5E66-7ADE-46ED-8BCC-ED9FEE1011DA] [2019-03-09 20:56:33 GMT+08:00] Server Start Successful
[INFO] [39401084-E603-463E-913F-3DB00ADC5DF2] [2019-03-09 20:58:47 GMT+08:00] Server Start Successful
[INFO] [71476B47-A720-45A0-BDC8-EB69F52715A8] [2019-03-09 21:00:36 GMT+08:00] Server Start Successful
[INFO] [CCD481AA-3EAE-48C2-B17D-4F9C85E23CDA] [2019-03-09 21:01:27 GMT+08:00] Server Start Successful
[INFO] [F666CA60-1EC4-4745-971C-8D37B56732F5] [2019-03-09 21:02:55 GMT+08:00] Server Start Successful
[INFO] [E836AD6B-05F7-441C-9A17-27CCB84A4591] [2019-03-09 21:14:29 GMT+08:00] {
"方法名" : "连接数据库",
"信息内容" : "成功",
"日期" : "2019.03.09 21:14:29:840"
}
[INFO] [71157DC1-B38D-49E2-B5C6-5916A8134EDD] [2019-03-09 21:14:29 GMT+08:00] {
"方法名" : "连接Schema：",
"信息内容" : "FilePlay成功",
"日期" : "2019.03.09 21:14:29:843"
}
[INFO] [29DFABAD-357E-452A-ACEE-B27408F0D424] [2019-03-09 21:14:29 GMT+08:00] {
"方法名" : "电影详情是否存在",
"信息内容" : "Unknown column 'userId' in 'field list'",
"日期" : "2019.03.09 21:14:29:848"
}
[INFO] [CE7DEBB8-AD20-458C-AF19-D231B4AAC6E3] [2019-03-09 21:14:29 GMT+08:00] {
"方法名" : "电影详情是否存在",
"信息内容" : "Unknown column 'userId' in 'field list'",
"日期" : "2019.03.09 21:14:29:849"
}
[INFO] [282B5AA6-374A-48D4-883B-464D901C1D41] [2019-03-09 21:14:29 GMT+08:00] {
"方法名" : "插入、更新电影详情",
"信息内容" : "You have an error in your SQL syntax; check the manual that corresponds to your MySQL server version for the right syntax to use near 'amour en fuite'), ('7.2'), ('40'), ('1979-01-24'), ('\/hEtuFlpeb5ZU5fa5klkKA5Q3G3' at line 1",
"日期" : "2019.03.09 21:14:29:850"
}
[INFO] [B50E7769-F0E2-444F-85A7-39EDEE1E899C] [2019-03-09 21:16:19 GMT+08:00] Server Start Successful
[INFO] [A40FC788-25A9-4C98-89F3-6655A63C1682] [2019-03-09 21:16:25 GMT+08:00] {
"信息内容" : "成功",
"日期" : "2019.03.09 21:16:25:813",
"方法名" : "连接数据库"
}
[INFO] [EFDC5589-BDDA-4CC9-8230-27DF2F26AC7C] [2019-03-09 21:16:25 GMT+08:00] {
"信息内容" : "FilePlay成功",
"日期" : "2019.03.09 21:16:25:817",
"方法名" : "连接Schema："
}
[INFO] [9C366FDD-C607-461F-916E-26D4C81A8B36] [2019-03-09 21:16:25 GMT+08:00] {
"信息内容" : "Unknown column 'userId' in 'field list'",
"日期" : "2019.03.09 21:16:25:825",
"方法名" : "电影详情是否存在"
}
[INFO] [212C38EF-1EA6-4A33-BEF2-C47008F46076] [2019-03-09 21:16:55 GMT+08:00] Server Start Successful
[INFO] [09187FB2-3192-4921-9CF8-4B3CAB162CEE] [2019-03-09 21:16:59 GMT+08:00] {
"方法名" : "连接数据库",
"信息内容" : "成功",
"日期" : "2019.03.09 21:16:59:154"
}
[INFO] [FE821E0D-1749-4F2B-AA69-BA1259620532] [2019-03-09 21:16:59 GMT+08:00] {
"方法名" : "连接Schema：",
"信息内容" : "FilePlay成功",
"日期" : "2019.03.09 21:16:59:158"
}
[INFO] [1DFB3582-4215-41EA-9A7E-C11ED161002E] [2019-03-09 21:17:30 GMT+08:00] {
"方法名" : "插入、更新电影详情",
"信息内容" : "You have an error in your SQL syntax; check the manual that corresponds to your MySQL server version for the right syntax to use near 'amour en fuite'), ('7.2'), ('40'), ('1979-01-24'), ('\/hEtuFlpeb5ZU5fa5klkKA5Q3G3' at line 1",
"日期" : "2019.03.09 21:17:29:999"
}
[INFO] [DBB4AF18-1D2D-46AA-968D-80CA53EABBF5] [2019-03-09 21:18:45 GMT+08:00] Server Start Successful
[INFO] [BD11481C-1052-4AA1-9AF2-B8DD0D9AA826] [2019-03-09 21:18:46 GMT+08:00] {
"方法名" : "连接数据库",
"信息内容" : "成功",
"日期" : "2019.03.09 21:18:46:446"
}
[INFO] [1EFE9B11-6266-45D3-BC2A-6C9CA1BBDE83] [2019-03-09 21:18:46 GMT+08:00] {
"方法名" : "连接Schema：",
"信息内容" : "FilePlay成功",
"日期" : "2019.03.09 21:18:46:447"
}
[INFO] [71D4E245-ED3A-4B72-966E-B866BA94FFC0] [2019-03-09 21:19:22 GMT+08:00] {
"方法名" : "插入、更新电影详情",
"信息内容" : "You have an error in your SQL syntax; check the manual that corresponds to your MySQL server version for the right syntax to use near 'amour en fuite'), ('7.2'), ('40'), ('1979-01-24'), ('\/hEtuFlpeb5ZU5fa5klkKA5Q3G3' at line 1",
"日期" : "2019.03.09 21:19:22:432"
}
[INFO] [ADE82DE1-BF24-4A34-973F-B8B5317F258C] [2019-03-09 21:20:28 GMT+08:00] Server Start Successful
[INFO] [F460FBDC-D28E-4549-8D04-D5ECD1CF3245] [2019-03-09 21:20:32 GMT+08:00] {
"日期" : "2019.03.09 21:20:32:913",
"信息内容" : "成功",
"方法名" : "连接数据库"
}
[INFO] [5B81048B-4515-4931-960F-81A3B15A6C02] [2019-03-09 21:20:32 GMT+08:00] {
"日期" : "2019.03.09 21:20:32:915",
"信息内容" : "FilePlay成功",
"方法名" : "连接Schema："
}
[INFO] [B4E664FB-D212-4159-91C8-0F2359F510F8] [2019-03-09 21:20:56 GMT+08:00] Server Start Successful
[INFO] [A2BAFE6D-B583-42EA-A247-8B90286F978F] [2019-03-09 21:21:10 GMT+08:00] Server Start Successful
[INFO] [78C29266-D188-4A9A-B367-8D8874827D9A] [2019-03-09 21:21:25 GMT+08:00] {
"方法名" : "连接数据库",
"信息内容" : "成功",
"日期" : "2019.03.09 21:21:25:810"
}
[INFO] [0265A3B6-A2E9-42DD-A2C9-AEABFC4B83E9] [2019-03-09 21:21:25 GMT+08:00] {
"方法名" : "连接Schema：",
"信息内容" : "FilePlay成功",
"日期" : "2019.03.09 21:21:25:813"
}
[INFO] [C6348B08-C831-49DA-A37F-4402BB5F55F9] [2019-03-09 21:21:25 GMT+08:00] {
"方法名" : "插入、更新电影详情",
"信息内容" : "You have an error in your SQL syntax; check the manual that corresponds to your MySQL server version for the right syntax to use near 'amour en fuite', '7.2', '40', '1979-01-24', '\/hEtuFlpeb5ZU5fa5klkKA5Q3G36.jpg', ' at line 1",
"日期" : "2019.03.09 21:21:25:815"
}
[INFO] [29A390EE-D778-4898-8268-46E057D5D7E2] [2019-03-09 21:22:38 GMT+08:00] Server Start Successful
[INFO] [DB0FB633-E727-4AF5-9790-05A57F859725] [2019-03-09 21:22:44 GMT+08:00] {
"信息内容" : "成功",
"日期" : "2019.03.09 21:22:44:946",
"方法名" : "连接数据库"
}
[INFO] [B07F47B6-1039-4D6A-9FD2-8B5D5D4B57BA] [2019-03-09 21:22:44 GMT+08:00] {
"信息内容" : "FilePlay成功",
"日期" : "2019.03.09 21:22:44:948",
"方法名" : "连接Schema："
}
[INFO] [A2672CF5-69D4-4E87-A0B3-927934CF702C] [2019-03-09 21:26:24 GMT+08:00] Server Start Successful
[INFO] [569C97E1-EBC9-4C34-AA7F-5D8B2114E3E7] [2019-03-09 21:28:46 GMT+08:00] {
"日期" : "2019.03.09 21:28:46:340",
"方法名" : "连接数据库",
"信息内容" : "成功"
}
[INFO] [8FFC5890-68F1-45E5-8532-372C3BA21691] [2019-03-09 21:28:46 GMT+08:00] {
"日期" : "2019.03.09 21:28:46:343",
"方法名" : "连接Schema：",
"信息内容" : "FilePlay成功"
}
[INFO] [1C9605D9-A251-4F5A-AC3D-388E103D3274] [2019-03-09 21:29:16 GMT+08:00] Server Start Successful
[INFO] [B9B048A6-BEE8-489A-AE1E-0513F416B961] [2019-03-09 21:46:18 GMT+08:00] Server Start Successful
[INFO] [2DCCA9A6-5F79-45AD-8B9B-E6C558E5F011] [2019-03-09 21:50:05 GMT+08:00] Server Start Successful
[INFO] [584C7304-30F4-4C52-965C-AA9DD9A3B5B2] [2019-03-09 21:51:17 GMT+08:00] Server Start Successful
[INFO] [67B3E9CB-64EF-4063-BE1E-3529B4F6F7A0] [2019-03-09 21:52:21 GMT+08:00] Server Start Successful
[INFO] [4560A227-615B-4871-88B7-8E58D3CFC236] [2019-03-09 21:53:04 GMT+08:00] Server Start Successful
[INFO] [7BC60543-0951-46A8-B0BE-A2349DF4E89E] [2019-03-09 21:54:50 GMT+08:00] Server Start Successful
[INFO] [72598995-4BB6-4F32-BBF2-DF21666E811D] [2019-03-09 21:56:55 GMT+08:00] Server Start Successful
[INFO] [CAF8AF65-0B44-4505-B62B-D048A075E600] [2019-03-09 21:56:57 GMT+08:00] Server Start Successful
[ERROR] [E6DE35F3-7A13-4426-ADBA-8B04A4D1A795] [2019-03-09 21:56:57 GMT+08:00] Failure Start Server：networkError(48, "Address already in use /Users/4work/Documents/FilePlay/Server/FilePlay/.build/checkouts/Perfect-Net.git--4338885105346186597/Sources/PerfectNet/Net.swift bind(port:address:) 273")
[INFO] [E4EED1AB-9783-41A4-974A-79CD933FFAD8] [2019-03-09 21:57:35 GMT+08:00] Server Start Successful
[INFO] [C6E8A6C1-FBBF-4B45-9620-413199479862] [2019-03-09 21:57:56 GMT+08:00] Server Start Successful
[INFO] [F187C65A-F6A6-4C9A-B9BB-2F1A46D5F816] [2019-03-09 21:58:11 GMT+08:00] {
"信息内容" : "成功",
"日期" : "2019.03.09 21:58:11:231",
"方法名" : "连接数据库"
}
[INFO] [D24E9341-2493-4EB2-8947-D29B476B183F] [2019-03-09 21:58:11 GMT+08:00] {
"信息内容" : "FilePlay成功",
"日期" : "2019.03.09 21:58:11:234",
"方法名" : "连接Schema："
}
[INFO] [00A76E20-92F5-4BB4-B2B8-4CB23295E772] [2019-03-09 21:58:18 GMT+08:00] {
"信息内容" : "You have an error in your SQL syntax; check the manual that corresponds to your MySQL server version for the right syntax to use near 'amour en fuite', '7.2', '40', '1979-01-24', '\/hEtuFlpeb5ZU5fa5klkKA5Q3G36.jpg', ' at line 1",
"日期" : "2019.03.09 21:58:18:297",
"方法名" : "插入、更新电影详情"
}
[INFO] [006EEDE1-4CBE-461B-B555-F6C420BC607B] [2019-03-09 22:01:53 GMT+08:00] Server Start Successful
[INFO] [320A86E8-B08A-4DAC-8B22-AE1CFA51F2E4] [2019-03-09 22:04:30 GMT+08:00] {
"方法名" : "连接数据库",
"信息内容" : "成功",
"日期" : "2019.03.09 22:04:30:521"
}
[INFO] [CF923036-AD0D-45F8-ADD2-08FF8DD22F31] [2019-03-09 22:04:30 GMT+08:00] {
"方法名" : "连接Schema：",
"信息内容" : "FilePlay成功",
"日期" : "2019.03.09 22:04:30:524"
}
[INFO] [26F95745-AD75-4998-8840-6D3E68424EA6] [2019-03-09 22:04:30 GMT+08:00] {
"方法名" : "插入、更新电影详情",
"信息内容" : "You have an error in your SQL syntax; check the manual that corresponds to your MySQL server version for the right syntax to use near 'amour en fuite', '7.2', '40', '1979-01-24', '\/hEtuFlpeb5ZU5fa5klkKA5Q3G36.jpg', ' at line 1",
"日期" : "2019.03.09 22:04:30:525"
}
[INFO] [2F11DB32-EA06-434E-91B2-9808269A2793] [2019-03-09 22:06:10 GMT+08:00] Server Start Successful
[INFO] [4FCD42F4-6D4B-4BD5-B7AA-9AE5DB673FA6] [2019-03-09 22:06:12 GMT+08:00] {
"日期" : "2019.03.09 22:06:12:642",
"方法名" : "连接数据库",
"信息内容" : "成功"
}
[INFO] [4CCFAC11-F7F9-4071-B744-DE7A48AE6CAA] [2019-03-09 22:06:12 GMT+08:00] {
"日期" : "2019.03.09 22:06:12:644",
"方法名" : "连接Schema：",
"信息内容" : "FilePlay成功"
}
[INFO] [0CB4C185-54B3-4D28-B8D0-DC485CCD800E] [2019-03-09 22:06:49 GMT+08:00] Server Start Successful
[INFO] [80BB7B0B-B511-4B30-BCF1-F1577FF2AFDC] [2019-03-09 22:06:53 GMT+08:00] {
"信息内容" : "成功",
"日期" : "2019.03.09 22:06:53:770",
"方法名" : "连接数据库"
}
[INFO] [2F8D9A72-61C4-4DF7-B0AF-B756D4BF994F] [2019-03-09 22:06:53 GMT+08:00] {
"信息内容" : "FilePlay成功",
"日期" : "2019.03.09 22:06:53:773",
"方法名" : "连接Schema："
}
[INFO] [F07689CA-023D-4336-9C2A-E4E18CA150E4] [2019-03-09 22:06:53 GMT+08:00] {
"信息内容" : "You have an error in your SQL syntax; check the manual that corresponds to your MySQL server version for the right syntax to use near 'amour en fuite', '7.2', '40', '1979-01-24', '\/hEtuFlpeb5ZU5fa5klkKA5Q3G36.jpg', ' at line 1",
"日期" : "2019.03.09 22:06:53:775",
"方法名" : "插入、更新电影详情"
}
[INFO] [4196C3D9-25AC-43BA-B089-6547E3D3353D] [2019-03-09 22:19:10 GMT+08:00] Server Start Successful
[INFO] [FE7A5157-8094-4507-802D-683880F2F3B1] [2019-03-09 22:19:52 GMT+08:00] {
"日期" : "2019.03.09 22:19:52:643",
"方法名" : "连接数据库",
"信息内容" : "成功"
}
[INFO] [C50BFCA7-D720-4738-B845-170868AB6868] [2019-03-09 22:19:52 GMT+08:00] {
"日期" : "2019.03.09 22:19:52:647",
"方法名" : "连接Schema：",
"信息内容" : "FilePlay成功"
}
[INFO] [720CDB34-D5D9-49F5-B4A8-EC6D76332213] [2019-03-09 22:28:54 GMT+08:00] Server Start Successful
[INFO] [47671805-0D84-4E1B-96B5-D2B513DC633B] [2019-03-09 22:28:59 GMT+08:00] {
"信息内容" : "成功",
"日期" : "2019.03.09 22:28:59:849",
"方法名" : "连接数据库"
}
[INFO] [0701E304-9DFF-4942-A577-122DDCF11202] [2019-03-09 22:28:59 GMT+08:00] {
"信息内容" : "FilePlay成功",
"日期" : "2019.03.09 22:28:59:852",
"方法名" : "连接Schema："
}
[INFO] [37D2560D-A3A6-4A4B-BDF8-687BD6853AC1] [2019-03-09 22:29:09 GMT+08:00] {
"信息内容" : "You have an error in your SQL syntax; check the manual that corresponds to your MySQL server version for the right syntax to use near 'amour en fuite\"', '7.2', '40', '1979-01-24', '\/hEtuFlpeb5ZU5fa5klkKA5Q3G36.jpg',' at line 1",
"日期" : "2019.03.09 22:29:09:002",
"方法名" : "插入、更新电影详情"
}
[INFO] [8995476B-45F2-446C-AC42-F1A4E635E959] [2019-03-09 22:30:45 GMT+08:00] Server Start Successful
[INFO] [AC347994-BBA6-459B-AA8C-30D03B699C90] [2019-03-09 22:30:53 GMT+08:00] {
"信息内容" : "成功",
"日期" : "2019.03.09 22:30:53:239",
"方法名" : "连接数据库"
}
[INFO] [4983F6FF-1440-4436-9B9C-FF5E1BA28598] [2019-03-09 22:30:53 GMT+08:00] {
"信息内容" : "FilePlay成功",
"日期" : "2019.03.09 22:30:53:241",
"方法名" : "连接Schema："
}
[INFO] [5B5A3EF9-1415-46CC-A021-E0D7C45955ED] [2019-03-09 22:37:02 GMT+08:00] Server Start Successful
[INFO] [4E127615-D7FA-4CBE-B951-D8C4C38A6300] [2019-03-09 22:38:13 GMT+08:00] {
"信息内容" : "成功",
"日期" : "2019.03.09 22:38:13:867",
"方法名" : "连接数据库"
}
[INFO] [0C2A1C9E-9ECA-483F-B1BB-F8E3C947EF04] [2019-03-09 22:38:13 GMT+08:00] {
"信息内容" : "FilePlay成功",
"日期" : "2019.03.09 22:38:13:871",
"方法名" : "连接Schema："
}
[INFO] [39F85DA1-9A0E-40CA-97BD-E191943ADD8A] [2019-03-09 22:40:47 GMT+08:00] Server Start Successful
[INFO] [9334BF00-501F-4924-94FE-EDA348ABBCF5] [2019-03-09 22:40:50 GMT+08:00] {
"方法名" : "连接数据库",
"信息内容" : "成功",
"日期" : "2019.03.09 22:40:50:257"
}
[INFO] [0B0047AA-CF08-4B7C-9369-FD33D38DFE8A] [2019-03-09 22:40:50 GMT+08:00] {
"方法名" : "连接Schema：",
"信息内容" : "FilePlay成功",
"日期" : "2019.03.09 22:40:50:261"
}
[INFO] [8AC141FA-AA19-4D04-A9A1-1886DA2A6E14] [2019-03-09 22:41:46 GMT+08:00] Server Start Successful
[INFO] [245CC381-BFFD-4106-9CEE-65FBBF038434] [2019-03-09 22:42:24 GMT+08:00] {
"日期" : "2019.03.09 22:42:24:819",
"信息内容" : "成功",
"方法名" : "连接数据库"
}
[INFO] [06FF31C9-F789-4FAE-BBBE-AB45ABF74B70] [2019-03-09 22:42:24 GMT+08:00] {
"日期" : "2019.03.09 22:42:24:825",
"信息内容" : "FilePlay成功",
"方法名" : "连接Schema："
}
[INFO] [FCD79C07-5F31-4A5C-9416-5C49CD082198] [2019-03-09 22:48:48 GMT+08:00] Server Start Successful
[INFO] [87E16000-D025-4333-B1D6-D018E0DD00A7] [2019-03-09 22:49:26 GMT+08:00] {
"信息内容" : "成功",
"方法名" : "连接数据库",
"日期" : "2019.03.09 22:49:26:479"
}
[INFO] [07831FF4-416B-4866-A7AD-81BE10813322] [2019-03-09 22:49:26 GMT+08:00] {
"信息内容" : "FilePlay成功",
"方法名" : "连接Schema：",
"日期" : "2019.03.09 22:49:26:483"
}
[INFO] [AC2E29BE-F99F-44D1-8718-AC50E5F99667] [2019-03-09 22:50:36 GMT+08:00] Server Start Successful
[INFO] [C0171FE5-7E53-4AA2-BF3B-7C4744F269D6] [2019-03-09 22:50:40 GMT+08:00] {
"方法名" : "连接数据库",
"信息内容" : "成功",
"日期" : "2019.03.09 22:50:40:823"
}
[INFO] [4D45F482-0F2B-4977-B1FD-E6CF42416844] [2019-03-09 22:50:40 GMT+08:00] {
"方法名" : "连接Schema：",
"信息内容" : "FilePlay成功",
"日期" : "2019.03.09 22:50:40:826"
}
[INFO] [E48177C1-5F3F-4E52-83B9-A42A3CCCB572] [2019-03-09 22:55:40 GMT+08:00] Server Start Successful
[INFO] [5FCDF26B-1D63-457D-95D6-DB3BF26A64EB] [2019-03-09 22:55:50 GMT+08:00] {
"信息内容" : "成功",
"日期" : "2019.03.09 22:55:50:599",
"方法名" : "连接数据库"
}
[INFO] [DFEAB364-964A-4917-9669-506146946820] [2019-03-09 22:55:50 GMT+08:00] {
"信息内容" : "FilePlay成功",
"日期" : "2019.03.09 22:55:50:602",
"方法名" : "连接Schema："
}
[INFO] [E33255B8-9FC9-451D-8ADA-018AF03B4BCC] [2019-03-09 23:22:19 GMT+08:00] Server Start Successful
[INFO] [60A33D75-532A-43CB-9629-BE54425FD309] [2019-03-09 23:22:44 GMT+08:00] Server Start Successful
[INFO] [0BF15E98-934B-4628-98DC-D74B6AE32442] [2019-03-09 23:22:48 GMT+08:00] {
"信息内容" : "成功",
"方法名" : "连接数据库",
"日期" : "2019.03.09 23:22:48:367"
}
[INFO] [65AB5554-8293-44E9-AB09-88409F8E587F] [2019-03-09 23:22:48 GMT+08:00] {
"信息内容" : "FilePlay成功",
"方法名" : "连接Schema：",
"日期" : "2019.03.09 23:22:48:371"
}
[INFO] [4E91660E-32B8-4E2A-87DB-BB95333FDB8F] [2019-03-09 23:27:59 GMT+08:00] Server Start Successful
[INFO] [0E90C209-1F19-4E89-A6A5-3920B95580C3] [2019-03-09 23:31:37 GMT+08:00] {
"日期" : "2019.03.09 23:31:37:778",
"方法名" : "连接数据库",
"信息内容" : "成功"
}
[INFO] [62F8404B-E436-40DE-B7D6-775DC3E40544] [2019-03-09 23:31:37 GMT+08:00] {
"日期" : "2019.03.09 23:31:37:792",
"方法名" : "连接Schema：",
"信息内容" : "FilePlay成功"
}
[INFO] [0AE9575E-87AF-4A84-819D-CC594EEFBCB4] [2019-03-09 23:33:05 GMT+08:00] Server Start Successful
[INFO] [93E740C3-4F2B-4AB7-A926-92C210230633] [2019-03-09 23:35:03 GMT+08:00] Server Start Successful
[INFO] [6AFD1028-8945-4316-A8D0-151AF3E47654] [2019-03-09 23:35:06 GMT+08:00] {
"方法名" : "连接数据库",
"日期" : "2019.03.09 23:35:06:987",
"信息内容" : "成功"
}
[INFO] [710CC63B-A97A-4C15-AE04-57ED53B6CCBC] [2019-03-09 23:35:06 GMT+08:00] {
"方法名" : "连接Schema：",
"日期" : "2019.03.09 23:35:06:990",
"信息内容" : "FilePlay成功"
}
[INFO] [7F1138EC-63D9-444C-A2FD-5D9CD3E25EE6] [2019-03-09 23:42:27 GMT+08:00] Server Start Successful
[INFO] [6E8DCFEC-117C-4BE4-AACA-27D34E99AC3E] [2019-03-09 23:42:50 GMT+08:00] Server Start Successful
[INFO] [7C5DF194-614F-4D6D-B95B-48B5C2C6C8BD] [2019-03-09 23:42:55 GMT+08:00] {
"信息内容" : "成功",
"方法名" : "连接数据库",
"日期" : "2019.03.09 23:42:55:453"
}
[INFO] [3DE1D3A5-EC9B-43B3-AC44-759C6395B1D9] [2019-03-09 23:42:55 GMT+08:00] {
"信息内容" : "FilePlay成功",
"方法名" : "连接Schema：",
"日期" : "2019.03.09 23:42:55:457"
}
[INFO] [34B00A24-2189-4E19-A484-6B6392EDC8C8] [2019-03-09 23:47:29 GMT+08:00] Server Start Successful
[INFO] [38D32F03-56A5-4ADC-ACF9-5686D3012FB4] [2019-03-09 23:52:52 GMT+08:00] {
"日期" : "2019.03.09 23:52:52:123",
"信息内容" : "成功",
"方法名" : "连接数据库"
}
[INFO] [600CCF23-61D3-45F7-BB2A-94F411A3E115] [2019-03-09 23:52:52 GMT+08:00] {
"日期" : "2019.03.09 23:52:52:128",
"信息内容" : "FilePlay成功",
"方法名" : "连接Schema："
}
[INFO] [F344213B-BCD5-4E3E-B738-28D83B8CE788] [2019-03-10 11:28:02 GMT+08:00] {
"日期" : "2019.03.10 11:28:02:582",
"信息内容" : "Lost connection to MySQL server during query",
"方法名" : "电影详情是否存在"
}
[INFO] [0A8C34CC-3A7A-4344-8BE0-79D5E47DF2AE] [2019-03-10 11:28:18 GMT+08:00] {
"日期" : "2019.03.10 11:28:18:833",
"信息内容" : "MySQL server has gone away",
"方法名" : "电影详情是否存在"
}
[INFO] [6BBACDBF-6719-498F-89AF-831EF1819B5D] [2019-03-10 11:28:36 GMT+08:00] {
"日期" : "2019.03.10 11:28:36:935",
"信息内容" : "MySQL server has gone away",
"方法名" : "电影详情是否存在"
}
[INFO] [368BD570-F5D8-486D-BF2B-B698D474C919] [2019-03-10 11:28:56 GMT+08:00] Server Start Successful
[INFO] [F74B0F7B-22EA-41D5-8C88-1179EAF389DB] [2019-03-10 11:28:57 GMT+08:00] {
"方法名" : "连接数据库",
"日期" : "2019.03.10 11:28:57:509",
"信息内容" : "成功"
}
[INFO] [AF2E82D6-E25A-458B-B3F6-D8A182AF8CFD] [2019-03-10 11:28:57 GMT+08:00] {
"方法名" : "连接Schema：",
"日期" : "2019.03.10 11:28:57:513",
"信息内容" : "FilePlay成功"
}
[INFO] [8635F8B7-E475-4945-9BD0-32E912B1C554] [2019-03-10 11:45:53 GMT+08:00] Server Start Successful
[INFO] [62AC5F62-EF39-42C9-B96A-FB8EB0EDEA81] [2019-03-10 12:07:40 GMT+08:00] Server Start Successful
[INFO] [7105F335-FF52-45A5-A869-28F068272558] [2019-03-10 12:19:13 GMT+08:00] {
"方法名" : "连接数据库",
"日期" : "2019.03.10 12:19:13:372",
"信息内容" : "成功"
}
[INFO] [471918BC-103C-4CC4-A996-91F287EA859D] [2019-03-10 12:19:13 GMT+08:00] {
"方法名" : "连接Schema：",
"日期" : "2019.03.10 12:19:13:377",
"信息内容" : "FilePlay成功"
}
[INFO] [C715B01E-273C-4F22-B922-E6D8975319F2] [2019-03-10 12:19:26 GMT+08:00] {
"方法名" : "想看电影",
"日期" : "2019.03.10 12:19:26:986",
"信息内容" : "Unknown column 'isEpisode' in 'field list'"
}
[INFO] [1C8FE607-C87D-45DA-8AC5-4408BFAC7A32] [2019-03-10 12:21:38 GMT+08:00] Server Start Successful
[INFO] [41B6125A-9A2F-41AE-BAEE-6367BA3D7E10] [2019-03-10 12:21:53 GMT+08:00] {
"信息内容" : "成功",
"日期" : "2019.03.10 12:21:53:034",
"方法名" : "连接数据库"
}
[INFO] [00FD9EF4-57BA-4C9F-8E1C-7BCA83EB4032] [2019-03-10 12:21:53 GMT+08:00] {
"信息内容" : "FilePlay成功",
"日期" : "2019.03.10 12:21:53:037",
"方法名" : "连接Schema："
}
[INFO] [E758FD68-35AA-4E0E-8597-24F7722592D2] [2019-03-10 12:37:39 GMT+08:00] Server Start Successful
[INFO] [9D061BDF-50B1-4D7A-9BE1-99A26D72607A] [2019-03-10 12:38:07 GMT+08:00] {
"信息内容" : "成功",
"方法名" : "连接数据库",
"日期" : "2019.03.10 12:38:07:649"
}
[INFO] [63D94A1D-EDE2-4291-A4EE-EFB77A453A74] [2019-03-10 12:38:07 GMT+08:00] {
"信息内容" : "FilePlay成功",
"方法名" : "连接Schema：",
"日期" : "2019.03.10 12:38:07:668"
}
[INFO] [C5A081AE-9BD2-4D40-AE2F-7E03DD92CB6B] [2019-03-10 12:38:07 GMT+08:00] {
"信息内容" : "In aggregated query without GROUP BY, expression #2 of SELECT list contains nonaggregated column 'fileplay.movie_table.title'; this is incompatible with sql_mode=only_full_group_by",
"方法名" : "电影详情",
"日期" : "2019.03.10 12:38:07:674"
}
[INFO] [A822FD54-E2F8-4500-B226-7424274E5B81] [2019-03-10 12:39:53 GMT+08:00] Server Start Successful
[INFO] [6897A8FD-F712-4FCB-B8FE-6586730DB5F4] [2019-03-10 12:40:04 GMT+08:00] {
"信息内容" : "成功",
"方法名" : "连接数据库",
"日期" : "2019.03.10 12:40:04:753"
}
[INFO] [512717AB-21BB-439C-9E08-89CDE22343A7] [2019-03-10 12:40:04 GMT+08:00] {
"信息内容" : "FilePlay成功",
"方法名" : "连接Schema：",
"日期" : "2019.03.10 12:40:04:754"
}
[INFO] [EB120BB9-DBA0-4706-B3C2-481AF26112CF] [2019-03-10 12:41:55 GMT+08:00] Server Start Successful
[INFO] [8CF62FBD-667B-442C-B8DB-40DD26EEEA6A] [2019-03-10 12:42:21 GMT+08:00] {
"方法名" : "连接数据库",
"信息内容" : "成功",
"日期" : "2019.03.10 12:42:21:700"
}
[INFO] [1FAB1951-33CF-40D7-978A-D80BBA985AED] [2019-03-10 12:42:21 GMT+08:00] {
"方法名" : "连接Schema：",
"信息内容" : "FilePlay成功",
"日期" : "2019.03.10 12:42:21:702"
}
[INFO] [E0731BBA-96A4-4B31-8F3E-D3E050D2830D] [2019-03-10 12:45:30 GMT+08:00] Server Start Successful
[INFO] [3C07DF36-CF62-411D-A8B8-5AF37E1C7B01] [2019-03-10 12:45:49 GMT+08:00] {
"日期" : "2019.03.10 12:45:49:533",
"信息内容" : "成功",
"方法名" : "连接数据库"
}
[INFO] [9B2A2A61-B1D0-467A-AC0D-8931551C9A72] [2019-03-10 12:45:49 GMT+08:00] {
"日期" : "2019.03.10 12:45:49:536",
"信息内容" : "FilePlay成功",
"方法名" : "连接Schema："
}
[INFO] [DB619F1C-E8EE-4D84-8CF6-64C5BF69FEFF] [2019-03-10 12:50:17 GMT+08:00] Server Start Successful
[INFO] [3DBBADDA-DC1C-4F90-90D1-E68F1F34D2C0] [2019-03-10 12:50:30 GMT+08:00] {
"日期" : "2019.03.10 12:50:30:612",
"信息内容" : "成功",
"方法名" : "连接数据库"
}
[INFO] [8646583F-01EB-4FCB-AFFA-F7B7C2A10CA6] [2019-03-10 12:50:30 GMT+08:00] {
"日期" : "2019.03.10 12:50:30:616",
"信息内容" : "FilePlay成功",
"方法名" : "连接Schema："
}
[INFO] [36106EF3-C7B1-4346-8F6D-409C6EA0B7D8] [2019-03-10 12:55:52 GMT+08:00] Server Start Successful
[INFO] [F02FC275-B54D-424B-8D6B-D1ED8C6CF6F8] [2019-03-10 12:55:59 GMT+08:00] {
"信息内容" : "成功",
"方法名" : "连接数据库",
"日期" : "2019.03.10 12:55:59:614"
}
[INFO] [28A7AD0C-E039-44F3-AC62-2F4CC300DA73] [2019-03-10 12:55:59 GMT+08:00] {
"信息内容" : "FilePlay成功",
"方法名" : "连接Schema：",
"日期" : "2019.03.10 12:55:59:619"
}
[INFO] [2C4F5CD3-EAA2-4D0D-B566-852F210622E5] [2019-03-10 13:02:59 GMT+08:00] {
"信息内容" : "Unknown column 'watch_movie.userId' in 'where clause'",
"方法名" : "删除想看电影",
"日期" : "2019.03.10 13:02:59:827"
}
[INFO] [FEF1FFB8-C67A-4BDE-9813-3048C2C4F499] [2019-03-10 13:04:13 GMT+08:00] Server Start Successful
[INFO] [FFCDF7AB-5BA0-4B76-A628-28F487C35C84] [2019-03-10 13:04:14 GMT+08:00] {
"日期" : "2019.03.10 13:04:14:874",
"方法名" : "连接数据库",
"信息内容" : "成功"
}
[INFO] [E00D7584-7EF0-45FE-9E56-7500CEFA0C8E] [2019-03-10 13:04:14 GMT+08:00] {
"日期" : "2019.03.10 13:04:14:877",
"方法名" : "连接Schema：",
"信息内容" : "FilePlay成功"
}
[INFO] [4340250F-A700-42F1-AB22-F26A48198BDF] [2019-03-10 13:26:51 GMT+08:00] Server Start Successful
[INFO] [9BD3E215-D5DC-432E-98CF-DBB183024BF2] [2019-03-10 13:29:08 GMT+08:00] {
"信息内容" : "成功",
"日期" : "2019.03.10 13:29:08:596",
"方法名" : "连接数据库"
}
[INFO] [A6E6C03D-A37C-44BD-A176-7C6CAB869C74] [2019-03-10 13:29:08 GMT+08:00] {
"信息内容" : "FilePlay成功",
"日期" : "2019.03.10 13:29:08:599",
"方法名" : "连接Schema："
}
[INFO] [3BFC4DAA-1E31-400C-9F6F-66C927E68775] [2019-03-10 13:29:12 GMT+08:00] {
"信息内容" : "Not unique table\/alias: 'want_movie'",
"日期" : "2019.03.10 13:29:12:482",
"方法名" : "用户想看列表"
}
[INFO] [6EA42A42-18D0-4DF8-9B17-36CD52E6B23B] [2019-03-10 13:45:30 GMT+08:00] Server Start Successful
[INFO] [5524675C-D22B-4A1F-9FE1-5173A5AAAF18] [2019-03-10 13:45:39 GMT+08:00] {
"日期" : "2019.03.10 13:45:39:023",
"方法名" : "连接数据库",
"信息内容" : "成功"
}
[INFO] [C676A215-EE86-4A14-A99F-E929E72CB494] [2019-03-10 13:45:39 GMT+08:00] {
"日期" : "2019.03.10 13:45:39:025",
"方法名" : "连接数据库",
"信息内容" : "成功"
}
[INFO] [BBFCA641-B927-4AD1-BD29-AC3FBC3FA730] [2019-03-10 13:45:39 GMT+08:00] {
"日期" : "2019.03.10 13:45:39:028",
"方法名" : "连接Schema：",
"信息内容" : "FilePlay成功"
}
[INFO] [49D2F08E-6034-432A-B86E-6979C81883FB] [2019-03-10 13:45:39 GMT+08:00] {
"日期" : "2019.03.10 13:45:39:028",
"方法名" : "连接Schema：",
"信息内容" : "FilePlay成功"
}
[INFO] [C0731097-C13E-48D0-A759-17366082D7E9] [2019-03-10 13:45:39 GMT+08:00] {
"日期" : "2019.03.10 13:45:39:029",
"方法名" : "用户想看列表",
"信息内容" : "You have an error in your SQL syntax; check the manual that corresponds to your MySQL server version for the right syntax to use near ') LEFT JOIN watch_movie watchmovieTable ON (watchmovieTable.userId = '10000' AND' at line 1"
}
[INFO] [72BD58B4-415A-4BB3-898F-5EE8F6BBEB54] [2019-03-10 13:46:14 GMT+08:00] Server Start Successful
[INFO] [053968B2-59D4-4317-93D2-4EFEEF22F922] [2019-03-10 13:46:24 GMT+08:00] {
"方法名" : "连接数据库",
"信息内容" : "成功",
"日期" : "2019.03.10 13:46:24:985"
}
[INFO] [ED0E32FD-5499-49B9-A6C6-E24E13280738] [2019-03-10 13:46:24 GMT+08:00] {
"方法名" : "连接数据库",
"信息内容" : "成功",
"日期" : "2019.03.10 13:46:24:987"
}
[INFO] [9DF94E2A-7F81-41E9-AA45-5C4D2CA4B96E] [2019-03-10 13:46:24 GMT+08:00] {
"方法名" : "连接Schema：",
"信息内容" : "FilePlay成功",
"日期" : "2019.03.10 13:46:24:988"
}
[INFO] [66C0AA5A-47CF-440A-947B-C361CEEA0302] [2019-03-10 13:46:24 GMT+08:00] {
"方法名" : "连接Schema：",
"信息内容" : "FilePlay成功",
"日期" : "2019.03.10 13:46:24:990"
}
[INFO] [C476CCCB-F46D-4049-BF6A-A34F9E194F5A] [2019-03-10 13:46:24 GMT+08:00] {
"方法名" : "用户想看列表",
"信息内容" : "Unknown column 'movie_table.objectId' in 'field list'",
"日期" : "2019.03.10 13:46:24:992"
}
[INFO] [2E274F0C-1C1C-47C2-9FC0-3F7BE36C2A65] [2019-03-10 13:47:14 GMT+08:00] Server Start Successful
[INFO] [F0430FCE-355F-4D0A-90F7-C6D2AB1DF0EE] [2019-03-10 13:50:56 GMT+08:00] Server Start Successful
[INFO] [AC7F486F-3552-4AF3-9A30-334EF2E30DC3] [2019-03-10 13:51:04 GMT+08:00] {
"信息内容" : "成功",
"方法名" : "连接数据库",
"日期" : "2019.03.10 13:51:04:396"
}
[INFO] [96092364-4D27-4CE4-96A6-A0C73823F8E8] [2019-03-10 13:51:04 GMT+08:00] {
"信息内容" : "成功",
"方法名" : "连接数据库",
"日期" : "2019.03.10 13:51:04:398"
}
[INFO] [E536299D-3C36-4A87-8E24-E74E44485679] [2019-03-10 13:51:04 GMT+08:00] {
"信息内容" : "FilePlay成功",
"方法名" : "连接Schema：",
"日期" : "2019.03.10 13:51:04:399"
}
[INFO] [86A3FE41-206D-4FB0-9537-4B17FD2DDBBE] [2019-03-10 13:51:04 GMT+08:00] {
"信息内容" : "FilePlay成功",
"方法名" : "连接Schema：",
"日期" : "2019.03.10 13:51:04:400"
}
[INFO] [4C18F781-2219-4AA6-91A0-FC5FB8C4337E] [2019-03-10 13:51:04 GMT+08:00] {
"信息内容" : "Unknown column 'movie_table.movieId' in 'on clause'",
"方法名" : "用户想看列表",
"日期" : "2019.03.10 13:51:04:401"
}
[INFO] [3BFD11F5-2E0D-45AC-8D66-3231DCB44EE0] [2019-03-10 13:51:34 GMT+08:00] Server Start Successful
[INFO] [117262F7-B765-42B7-B701-59E2285F623C] [2019-03-10 13:51:42 GMT+08:00] {
"信息内容" : "成功",
"日期" : "2019.03.10 13:51:42:397",
"方法名" : "连接数据库"
}
[INFO] [783DD379-709E-4AAC-8A7F-7D21C53F583E] [2019-03-10 13:51:42 GMT+08:00] {
"信息内容" : "成功",
"日期" : "2019.03.10 13:51:42:397",
"方法名" : "连接数据库"
}
[INFO] [2CF3DE08-6FC2-4069-9161-E53D8539701D] [2019-03-10 13:51:42 GMT+08:00] {
"信息内容" : "FilePlay成功",
"日期" : "2019.03.10 13:51:42:401",
"方法名" : "连接Schema："
}
[INFO] [913B9842-76F7-42F9-A021-55F6DB32E8C6] [2019-03-10 13:51:42 GMT+08:00] {
"信息内容" : "FilePlay成功",
"日期" : "2019.03.10 13:51:42:402",
"方法名" : "连接Schema："
}
[INFO] [CB16258F-A288-483B-8051-047C3FF2D2C0] [2019-03-10 13:56:10 GMT+08:00] Server Start Successful
[INFO] [DBA2CCFE-B6F1-42A4-A605-5DDF1FA4449D] [2019-03-10 13:56:31 GMT+08:00] Server Start Successful
[INFO] [A243EA7A-22E4-4449-A18D-F7C038D1744D] [2019-03-10 13:56:36 GMT+08:00] {
"信息内容" : "成功",
"方法名" : "连接数据库",
"日期" : "2019.03.10 13:56:36:010"
}
[INFO] [71352F9C-9F1C-490E-B3F9-3F80CD66A89F] [2019-03-10 13:56:36 GMT+08:00] {
"信息内容" : "成功",
"方法名" : "连接数据库",
"日期" : "2019.03.10 13:56:36:010"
}
[INFO] [E387039C-C6CD-4993-8BA0-FFEFC70CA338] [2019-03-10 13:56:36 GMT+08:00] {
"信息内容" : "FilePlay成功",
"方法名" : "连接Schema：",
"日期" : "2019.03.10 13:56:36:012"
}
[INFO] [5521D9EC-5959-46F7-A04F-97406374F683] [2019-03-10 13:56:36 GMT+08:00] {
"信息内容" : "FilePlay成功",
"方法名" : "连接Schema：",
"日期" : "2019.03.10 13:56:36:012"
}
[INFO] [55BFA45B-1E4D-4586-BB59-A738D384A5B2] [2019-03-11 00:12:52 GMT+08:00] {
"信息内容" : "MySQL server has gone away",
"方法名" : "用户是否存在",
"日期" : "2019.03.11 00:12:52:462"
}
[INFO] [1DD8E263-9D65-4F3E-8A27-F64AC1C9C99B] [2019-03-11 00:12:58 GMT+08:00] {
"信息内容" : "MySQL server has gone away",
"方法名" : "用户是否存在",
"日期" : "2019.03.11 00:12:58:926"
}
[INFO] [0C4E1A4A-929F-430F-B205-D5C54C6B241D] [2019-03-11 00:13:04 GMT+08:00] Server Start Successful
[INFO] [C30BF5E7-447A-4A27-A226-73C9208C95E9] [2019-03-11 00:13:13 GMT+08:00] {
"方法名" : "连接数据库",
"信息内容" : "成功",
"日期" : "2019.03.11 00:13:13:386"
}
[INFO] [A74FF007-B8B3-4216-BB62-03D559AC02AE] [2019-03-11 00:13:13 GMT+08:00] {
"方法名" : "连接Schema：",
"信息内容" : "FilePlay成功",
"日期" : "2019.03.11 00:13:13:404"
}
[INFO] [2BC2EF1B-1F5F-42D6-8EF2-D700D3994EE8] [2019-03-11 01:00:29 GMT+08:00] Server Start Successful
[INFO] [4DFFC34B-787D-48DC-A7A2-06A849393A10] [2019-03-11 01:01:05 GMT+08:00] {
"日期" : "2019.03.11 01:01:05:281",
"方法名" : "连接数据库",
"信息内容" : "成功"
}
[INFO] [5E2DBE0F-1771-4804-B63C-C217A20CFBF8] [2019-03-11 01:01:05 GMT+08:00] {
"日期" : "2019.03.11 01:01:05:284",
"方法名" : "连接Schema：",
"信息内容" : "FilePlay成功"
}
[INFO] [59BCF744-5BFB-428C-BDA4-FF6D231391A0] [2019-03-11 01:01:09 GMT+08:00] {
"日期" : "2019.03.11 01:01:09:687",
"方法名" : "用户看过列表",
"信息内容" : "Not unique table\/alias: 'watch_movie'"
}
[INFO] [CCFA883A-EEA1-468A-B713-4BFF79235341] [2019-03-11 01:02:25 GMT+08:00] Server Start Successful
[INFO] [32984DCE-F325-498E-A3DA-8362682160E7] [2019-03-11 01:02:28 GMT+08:00] {
"方法名" : "连接数据库",
"信息内容" : "成功",
"日期" : "2019.03.11 01:02:28:608"
}
[INFO] [9D7DD6B6-0EDA-4FD6-9FC1-BDBCF1B32BFB] [2019-03-11 01:02:28 GMT+08:00] {
"方法名" : "连接Schema：",
"信息内容" : "FilePlay成功",
"日期" : "2019.03.11 01:02:28:611"
}
[INFO] [D4E135B4-2786-4199-8A83-2C7F0BDE5864] [2019-03-11 11:52:40 GMT+08:00] Server Start Successful
[INFO] [0235E968-EBC8-479A-9A33-F8074476B7FB] [2019-03-11 11:54:06 GMT+08:00] {
"方法名" : "连接数据库",
"信息内容" : "成功",
"日期" : "2019.03.11 11:54:06:235"
}
[INFO] [B27A9779-DFE5-4969-9EED-DF57ED587A93] [2019-03-11 11:54:06 GMT+08:00] {
"方法名" : "连接Schema：",
"信息内容" : "FilePlay成功",
"日期" : "2019.03.11 11:54:06:240"
}
[INFO] [AEDFEEDB-69B9-4AF1-B213-12C30724A959] [2019-03-11 11:57:33 GMT+08:00] Server Start Successful
[INFO] [5D2D9AA1-4B52-459C-9851-0803D74E8782] [2019-03-11 11:57:40 GMT+08:00] {
"信息内容" : "成功",
"日期" : "2019.03.11 11:57:40:427",
"方法名" : "连接数据库"
}
[INFO] [6BB3D6B7-0E75-4A66-8127-2794F77B25E8] [2019-03-11 11:57:40 GMT+08:00] {
"信息内容" : "FilePlay成功",
"日期" : "2019.03.11 11:57:40:430",
"方法名" : "连接Schema："
}
[INFO] [3145CF3C-21CE-48DB-9F49-4D34DB247B8C] [2019-03-11 12:11:16 GMT+08:00] Server Start Successful
[INFO] [4160C3A2-69C1-4100-877E-BC71CBF0A10D] [2019-03-11 12:11:32 GMT+08:00] {
"信息内容" : "成功",
"日期" : "2019.03.11 12:11:32:662",
"方法名" : "连接数据库"
}
[INFO] [744E3248-3E0E-4DEF-A1EE-C1D9864A93E6] [2019-03-11 12:11:32 GMT+08:00] {
"信息内容" : "FilePlay成功",
"日期" : "2019.03.11 12:11:32:665",
"方法名" : "连接Schema："
}
[INFO] [CE13B0E6-7202-412D-8528-C6E113870BBF] [2019-03-11 12:12:38 GMT+08:00] Server Start Successful
[INFO] [75C7075A-F705-4B2A-B67F-FBE19A35C7B9] [2019-03-11 12:12:43 GMT+08:00] {
"日期" : "2019.03.11 12:12:43:392",
"方法名" : "连接数据库",
"信息内容" : "成功"
}
[INFO] [65922B23-CFF3-4C74-AE47-5F4D2BEE0E06] [2019-03-11 12:12:43 GMT+08:00] {
"日期" : "2019.03.11 12:12:43:395",
"方法名" : "连接Schema：",
"信息内容" : "FilePlay成功"
}
[INFO] [E78E45BA-4CDD-42E0-8BC0-2764445008B6] [2019-03-11 12:13:26 GMT+08:00] Server Start Successful
[INFO] [01B69A26-8E04-479D-97FB-FF192615FA27] [2019-03-11 12:14:26 GMT+08:00] {
"信息内容" : "成功",
"日期" : "2019.03.11 12:14:26:858",
"方法名" : "连接数据库"
}
[INFO] [DFA99458-DB19-4FCC-BE6F-1439D964A6CD] [2019-03-11 12:14:26 GMT+08:00] {
"信息内容" : "FilePlay成功",
"日期" : "2019.03.11 12:14:26:860",
"方法名" : "连接Schema："
}
[INFO] [505C0B5B-F937-4631-90FE-9DA940045C20] [2019-03-11 12:27:09 GMT+08:00] Server Start Successful
[INFO] [FDC217D3-1B17-47C0-AA77-E938AAA60B36] [2019-03-11 12:27:13 GMT+08:00] {
"信息内容" : "成功",
"日期" : "2019.03.11 12:27:13:315",
"方法名" : "连接数据库"
}
[INFO] [97281C83-0D67-434D-8D01-49AA741321E0] [2019-03-11 12:27:13 GMT+08:00] {
"信息内容" : "FilePlay成功",
"日期" : "2019.03.11 12:27:13:317",
"方法名" : "连接Schema："
}
[INFO] [396D0E9D-6E26-4869-980D-2E4BDD341BC9] [2019-03-11 12:27:14 GMT+08:00] {
"信息内容" : "You have an error in your SQL syntax; check the manual that corresponds to your MySQL server version for the right syntax to use near 'ORDER BY objectId ASC' at line 1",
"日期" : "2019.03.11 12:27:14:799",
"方法名" : "用户看过列表"
}
[INFO] [85C8DC17-09FE-4B2F-9F84-4483B0096A74] [2019-03-11 12:27:33 GMT+08:00] Server Start Successful
[INFO] [47C4523B-BD93-4AFD-9207-D907F57E2A34] [2019-03-11 12:27:35 GMT+08:00] {
"日期" : "2019.03.11 12:27:35:744",
"方法名" : "连接数据库",
"信息内容" : "成功"
}
[INFO] [4B678A6C-C28A-4B2D-B15B-33B3BC9F4ECE] [2019-03-11 12:27:35 GMT+08:00] {
"日期" : "2019.03.11 12:27:35:752",
"方法名" : "连接Schema：",
"信息内容" : "FilePlay成功"
}
[INFO] [B101F458-5C90-48BE-9B65-3E399931558E] [2019-03-11 12:27:35 GMT+08:00] {
"日期" : "2019.03.11 12:27:35:753",
"方法名" : "用户看过列表",
"信息内容" : "You have an error in your SQL syntax; check the manual that corresponds to your MySQL server version for the right syntax to use near 'ORDER BY movie_table.itemId ASC' at line 1"
}
[INFO] [A2E9B46A-3202-4CE3-B78F-2AEC6001FACB] [2019-03-11 12:28:22 GMT+08:00] Server Start Successful
[INFO] [54FFA638-4222-486C-842E-256148A09953] [2019-03-11 12:28:26 GMT+08:00] {
"日期" : "2019.03.11 12:28:26:705",
"信息内容" : "成功",
"方法名" : "连接数据库"
}
[INFO] [B9F5B174-4F17-4490-9B90-3F1C8EFB3082] [2019-03-11 12:28:26 GMT+08:00] {
"日期" : "2019.03.11 12:28:26:706",
"信息内容" : "FilePlay成功",
"方法名" : "连接Schema："
}
[INFO] [4C5A3879-1346-420C-A36B-299B655FF788] [2019-03-11 12:28:35 GMT+08:00] Server Start Successful
[INFO] [3A84C110-5503-46F9-A250-B56E65EB8F90] [2019-03-11 12:28:58 GMT+08:00] {
"信息内容" : "成功",
"方法名" : "连接数据库",
"日期" : "2019.03.11 12:28:58:649"
}
[INFO] [36FC52F2-5C39-4764-BDC9-8786913A6EF6] [2019-03-11 12:28:58 GMT+08:00] {
"信息内容" : "FilePlay成功",
"方法名" : "连接Schema：",
"日期" : "2019.03.11 12:28:58:653"
}
[INFO] [13561FBE-BB06-414A-B1A7-277F1DD60AFE] [2019-03-11 12:45:23 GMT+08:00] Server Start Successful
[INFO] [6FC175BC-4FD2-4690-B313-BEE8A59BE9F5] [2019-03-11 12:45:25 GMT+08:00] {
"信息内容" : "成功",
"方法名" : "连接数据库",
"日期" : "2019.03.11 12:45:25:808"
}
[INFO] [E66CC500-18B9-4EDA-AB24-B8413C8C10BF] [2019-03-11 12:45:25 GMT+08:00] {
"信息内容" : "FilePlay成功",
"方法名" : "连接Schema：",
"日期" : "2019.03.11 12:45:25:810"
}
<<<<<<< HEAD
[INFO] [05A89FD7-397D-44F1-BB3C-DA16B7CF8080] [2019-03-22 20:06:48 GMT+08:00] Server Start Successful
[INFO] [66D15FC3-D298-48A9-8D2C-4E6E3AD75D55] [2019-03-22 20:06:52 GMT+08:00] {
"方法名" : "连接数据库",
"信息内容" : "成功",
"日期" : "2019.03.22 20:06:52:053"
}
[INFO] [4E547EAC-DA45-4358-A7E0-9D4A07A49614] [2019-03-22 20:06:52 GMT+08:00] {
"方法名" : "连接Schema：",
"信息内容" : "FilePlay成功",
"日期" : "2019.03.22 20:06:52:056"
}
=======
>>>>>>> master
[INFO] [73775AA2-719D-4ED8-AC7C-274FFF35B8C2] [2019-03-22 21:41:26 GMT+08:00] Server Start Successful
[INFO] [2BBDC67A-8F89-4180-A70F-4B1191363DD0] [2019-03-22 21:41:35 GMT+08:00] {
"信息内容" : "成功",
"方法名" : "连接数据库",
"日期" : "2019.03.22 21:41:35:928"
}
[INFO] [BBD94A17-341A-43EE-AB15-2550F8FE5459] [2019-03-22 21:41:35 GMT+08:00] {
"信息内容" : "FilePlay成功",
"方法名" : "连接Schema：",
"日期" : "2019.03.22 21:41:35:932"
}
[INFO] [1E23B1F7-7244-44CA-84BD-745EE02933FD] [2019-03-22 21:43:33 GMT+08:00] Server Start Successful
[INFO] [05063784-7D1A-4A97-A728-3510149329E3] [2019-03-22 21:44:20 GMT+08:00] {
"日期" : "2019.03.22 21:44:20:696",
"方法名" : "连接数据库",
"信息内容" : "成功"
}
[INFO] [82E0816F-5122-4074-A39C-E19EF8F3A6A0] [2019-03-22 21:44:20 GMT+08:00] {
"日期" : "2019.03.22 21:44:20:698",
"方法名" : "连接Schema：",
"信息内容" : "FilePlay成功"
}
[INFO] [CE114896-A080-42C1-B457-BC945BDB71DD] [2019-03-25 22:09:36 GMT+08:00] Server Start Successful
[INFO] [A7F04698-D930-4DEB-A4DA-BAD22BA0DB06] [2019-03-25 22:10:07 GMT+08:00] {
"方法名" : "连接数据库",
"信息内容" : "成功",
"日期" : "2019.03.25 22:10:07:779"
}
[INFO] [5F9937A9-5B49-4B82-A1FC-C61F36BAB577] [2019-03-25 22:10:07 GMT+08:00] {
"方法名" : "连接Schema：",
"信息内容" : "FilePlay成功",
"日期" : "2019.03.25 22:10:07:784"
}
[INFO] [FC99AD90-A43D-4346-8D3F-BF14A821FA70] [2019-03-25 23:36:17 GMT+08:00] Server Start Successful
[INFO] [4A6AD163-041D-433C-9858-FFC2359944BA] [2019-03-25 23:52:34 GMT+08:00] {
"日期" : "2019.03.25 23:52:34:382",
"信息内容" : "成功",
"方法名" : "连接数据库"
}
[INFO] [4C0D66E2-7651-48F3-AC93-C4BF37B7402A] [2019-03-25 23:52:34 GMT+08:00] {
"日期" : "2019.03.25 23:52:34:387",
"信息内容" : "FilePlay成功",
"方法名" : "连接Schema："
}
[INFO] [A0EB89D9-6BA3-4726-B557-A20A6D15E7B6] [2019-03-25 23:53:52 GMT+08:00] Server Start Successful
[INFO] [12621E23-08B4-4D95-944B-2D2F3D0EE38A] [2019-03-25 23:58:04 GMT+08:00] Server Start Successful
[INFO] [1BADC7D4-687E-4DFF-A531-5571D785C333] [2019-03-25 23:58:06 GMT+08:00] {
"方法名" : "连接数据库",
"信息内容" : "成功",
"日期" : "2019.03.25 23:58:06:235"
}
[INFO] [41E96449-6AC5-4A2A-8301-9E198E52CEC4] [2019-03-25 23:58:06 GMT+08:00] {
"方法名" : "连接Schema：",
"信息内容" : "FilePlay成功",
"日期" : "2019.03.25 23:58:06:237"
}
[INFO] [1E03D0CA-3AF9-4FA3-A82D-4DAB0E8EC0F6] [2019-03-26 23:08:38 GMT+08:00] Server Start Successful
[INFO] [7D6CF9FF-6B1D-4366-866D-F17325980886] [2019-03-26 23:26:59 GMT+08:00] Server Start Successful
[INFO] [2803A490-F1D7-488B-9EAF-E9C2865F8088] [2019-03-26 23:37:35 GMT+08:00] Server Start Successful
[INFO] [1158DEAA-0080-46CB-AE01-9E341E252597] [2019-03-26 23:50:54 GMT+08:00] Server Start Successful
[INFO] [8061472E-7117-40F3-904C-F3E03D5CAA0E] [2019-03-26 23:51:26 GMT+08:00] {
"方法名" : "连接数据库",
"日期" : "2019.03.26 23:51:26:323",
"信息内容" : "成功"
}
[INFO] [3FAEB14D-371E-4BD5-B361-6F882378D511] [2019-03-26 23:51:26 GMT+08:00] {
"方法名" : "连接Schema：",
"日期" : "2019.03.26 23:51:26:330",
"信息内容" : "FilePlay成功"
}
[INFO] [45CFA835-7A3F-47BB-8EE3-A12326DD1E62] [2019-03-27 00:11:55 GMT+08:00] Server Start Successful
[INFO] [86C8175E-8F0F-4BB4-8296-755863E702BA] [2019-03-27 00:12:29 GMT+08:00] Server Start Successful
[INFO] [B5B6F9B0-3497-40BC-B158-49B4CD0E0B38] [2019-03-27 00:12:47 GMT+08:00] {
"方法名" : "连接数据库",
"信息内容" : "成功",
"日期" : "2019.03.27 00:12:47:763"
}
[INFO] [9A77C848-6F23-4B28-93F3-D52D1CF1593E] [2019-03-27 00:12:47 GMT+08:00] {
"方法名" : "连接Schema：",
"信息内容" : "FilePlay成功",
"日期" : "2019.03.27 00:12:47:768"
}
[INFO] [D67D1390-0A35-43B6-9282-B64FFEED74CE] [2019-03-27 00:13:23 GMT+08:00] Server Start Successful
[INFO] [1E6F3090-D9C2-490A-9122-3654BBCD95B3] [2019-03-27 00:13:28 GMT+08:00] {
"日期" : "2019.03.27 00:13:28:142",
"方法名" : "连接数据库",
"信息内容" : "成功"
}
[INFO] [6E238CEC-9FFF-462A-9E81-AB625FCF2F9D] [2019-03-27 00:13:28 GMT+08:00] {
"日期" : "2019.03.27 00:13:28:147",
"方法名" : "连接Schema：",
"信息内容" : "FilePlay成功"
}
[INFO] [95D5C54E-555C-4777-A4F7-6FBD586F423B] [2019-03-27 22:12:40 GMT+08:00] Server Start Successful
[INFO] [55D8E298-9D69-4CF0-83DD-9B21043694F6] [2019-03-27 22:21:08 GMT+08:00] {
"方法名" : "连接数据库",
"信息内容" : "成功",
"日期" : "2019.03.27 22:21:07:981"
}
[INFO] [9183AE47-7CC0-49ED-BF77-0AB70AAA0B13] [2019-03-27 22:21:08 GMT+08:00] {
"方法名" : "连接Schema：",
"信息内容" : "FilePlay成功",
"日期" : "2019.03.27 22:21:08:013"
}
[INFO] [CE7E4FAE-8290-49E2-B7D3-D310040CDFFA] [2019-03-28 22:14:31 GMT+08:00] Server Start Successful
[INFO] [CB3632BF-72DB-43C3-9E7C-E59FB008B1A1] [2019-03-28 22:14:51 GMT+08:00] {
"信息内容" : "成功",
"方法名" : "连接数据库",
"日期" : "2019.03.28 22:14:51:841"
}
[INFO] [6F7FBCDA-721A-46F5-A802-4E33993ABF55] [2019-03-28 22:14:51 GMT+08:00] {
"信息内容" : "FilePlay成功",
"方法名" : "连接Schema：",
"日期" : "2019.03.28 22:14:51:855"
}
[INFO] [38F81BBF-2689-4EA2-8C79-961150FC19A3] [2019-03-28 22:47:12 GMT+08:00] Server Start Successful
[INFO] [276DB95C-550C-4DAC-949B-1EDB836AAE1F] [2019-03-28 22:47:16 GMT+08:00] {
"方法名" : "连接数据库",
"信息内容" : "成功",
"日期" : "2019.03.28 22:47:16:057"
}
[INFO] [4E0AF3AC-E433-4017-94AE-ECF7EB2BA455] [2019-03-28 22:47:16 GMT+08:00] {
"方法名" : "连接Schema：",
"信息内容" : "FilePlay成功",
"日期" : "2019.03.28 22:47:16:064"
}
[INFO] [FA5E570B-EE75-4861-BF66-73706A86BC9A] [2019-03-28 22:48:23 GMT+08:00] Server Start Successful
[INFO] [8FFF643A-DA7B-4CC5-8AEE-7587A2626D90] [2019-03-28 22:48:25 GMT+08:00] {
"信息内容" : "成功",
"日期" : "2019.03.28 22:48:25:518",
"方法名" : "连接数据库"
}
[INFO] [D7765350-D641-430F-A31C-BA86045A6725] [2019-03-28 22:48:25 GMT+08:00] {
"信息内容" : "FilePlay成功",
"日期" : "2019.03.28 22:48:25:522",
"方法名" : "连接Schema："
}
[INFO] [10602C09-9971-410B-8EE5-28F07D8A2274] [2019-03-28 23:51:34 GMT+08:00] Server Start Successful
[INFO] [73FECEC4-599B-4BC5-9CCD-A6FC00E9F945] [2019-03-28 23:52:18 GMT+08:00] Server Start Successful
[INFO] [7CBCBB4D-E196-4F6E-A3F6-20EEA407B920] [2019-03-28 23:52:47 GMT+08:00] {
"日期" : "2019.03.28 23:52:47:499",
"信息内容" : "成功",
"方法名" : "连接数据库"
}
[INFO] [039DF6F8-CBDE-4A09-B530-D712BF0A718D] [2019-03-28 23:52:47 GMT+08:00] {
"日期" : "2019.03.28 23:52:47:502",
"信息内容" : "FilePlay成功",
"方法名" : "连接Schema："
}
[INFO] [6E28814E-0721-418B-8C6E-AA621F3FF5C3] [2019-03-29 00:03:23 GMT+08:00] Server Start Successful
[INFO] [BA73FAEB-0027-4EE6-AA91-F88DAD322F1A] [2019-03-29 00:03:35 GMT+08:00] {
"日期" : "2019.03.29 00:03:35:942",
"信息内容" : "成功",
"方法名" : "连接数据库"
}
[INFO] [F50504D6-3CEF-477E-A36E-452515DD9C3D] [2019-03-29 00:03:35 GMT+08:00] {
"日期" : "2019.03.29 00:03:35:946",
"信息内容" : "FilePlay成功",
"方法名" : "连接Schema："
}
[INFO] [93F4D69A-B344-4EEB-A367-9DE1F923FDBF] [2019-03-29 00:04:37 GMT+08:00] {
"日期" : "2019.03.29 00:04:37:431",
"信息内容" : "Expression #12 of SELECT list is not in GROUP BY clause and contains nonaggregated column 'fileplay.movie_table.title' which is not functionally dependent on columns in GROUP BY clause; this is incompatible with sql_mode=only_full_group_by",
"方法名" : "用户动态列表"
}
[INFO] [B0950D30-09AA-464A-BDF5-D9882B33F8CF] [2019-03-29 00:04:42 GMT+08:00] {
"日期" : "2019.03.29 00:04:42:193",
"信息内容" : "Expression #12 of SELECT list is not in GROUP BY clause and contains nonaggregated column 'fileplay.movie_table.title' which is not functionally dependent on columns in GROUP BY clause; this is incompatible with sql_mode=only_full_group_by",
"方法名" : "用户动态列表"
}
[INFO] [FFE288F3-CEEF-403F-B0BC-5A321EEDAC8D] [2019-03-29 00:05:58 GMT+08:00] Server Start Successful
[INFO] [E750827F-A27A-4EC2-B1EB-D8C346B0C079] [2019-03-29 00:06:02 GMT+08:00] {
"信息内容" : "成功",
"方法名" : "连接数据库",
"日期" : "2019.03.29 00:06:02:212"
}
[INFO] [F3DC5E1D-284D-4DE5-ABCE-7C16DA5F0A2B] [2019-03-29 00:06:02 GMT+08:00] {
"信息内容" : "成功",
"方法名" : "连接数据库",
"日期" : "2019.03.29 00:06:02:211"
}
[INFO] [76649A6D-CDCC-456F-B65D-A26070FE5DF7] [2019-03-29 00:06:02 GMT+08:00] {
"信息内容" : "FilePlay成功",
"方法名" : "连接Schema：",
"日期" : "2019.03.29 00:06:02:215"
}
[INFO] [48FB9D74-7033-4641-A91A-2CFB6C32A8BC] [2019-03-29 00:06:02 GMT+08:00] {
"信息内容" : "FilePlay成功",
"方法名" : "连接Schema：",
"日期" : "2019.03.29 00:06:02:221"
}
[INFO] [2570160F-40DE-4874-A839-CD68F307F1AC] [2019-03-29 00:07:12 GMT+08:00] Server Start Successful
[INFO] [7F3FCF1E-C055-44B5-A0AE-18706D07D0F9] [2019-03-29 00:07:18 GMT+08:00] {
"信息内容" : "成功",
"方法名" : "连接数据库",
"日期" : "2019.03.29 00:07:18:509"
}
[INFO] [668818B9-7F60-46A8-AA29-E9BA64F6CF60] [2019-03-29 00:07:18 GMT+08:00] {
"信息内容" : "FilePlay成功",
"方法名" : "连接Schema：",
"日期" : "2019.03.29 00:07:18:510"
}
[INFO] [62D9253E-4E65-42A1-B870-46111482E89A] [2019-03-29 00:14:04 GMT+08:00] Server Start Successful
[INFO] [AFC14D0C-C407-4319-A539-BC40FE4A7531] [2019-03-29 00:14:12 GMT+08:00] {
"方法名" : "连接数据库",
"信息内容" : "成功",
"日期" : "2019.03.29 00:14:12:088"
}
[INFO] [86E9851A-067E-499D-A71F-C03395E3D299] [2019-03-29 00:14:12 GMT+08:00] {
"方法名" : "连接数据库",
"信息内容" : "成功",
"日期" : "2019.03.29 00:14:12:090"
}
[INFO] [4DA0542C-C60E-4134-BE24-2DE3692B71D7] [2019-03-29 00:14:12 GMT+08:00] {
"方法名" : "连接Schema：",
"信息内容" : "FilePlay成功",
"日期" : "2019.03.29 00:14:12:090"
}
[INFO] [CAB392BE-403A-4FBE-BB63-F744C210EADB] [2019-03-29 00:14:12 GMT+08:00] {
"方法名" : "连接Schema：",
"信息内容" : "FilePlay成功",
"日期" : "2019.03.29 00:14:12:092"
}
[INFO] [6EBD9C54-348C-4512-BDBC-07D3EB3BDD3B] [2019-03-29 00:14:12 GMT+08:00] {
"方法名" : "用户动态列表",
"信息内容" : "",
"日期" : "2019.03.29 00:14:12:096"
}
[INFO] [EF98391D-75AF-4FDA-A223-DC14ADCBF095] [2019-03-29 00:15:20 GMT+08:00] Server Start Successful
[INFO] [1E750A87-863D-4B95-82F2-DA2E10E00E6B] [2019-03-29 00:15:28 GMT+08:00] {
"信息内容" : "成功",
"日期" : "2019.03.29 00:15:28:616",
"方法名" : "连接数据库"
}
[INFO] [DD75AF03-7905-4846-9B44-8033491F7175] [2019-03-29 00:15:28 GMT+08:00] {
"信息内容" : "成功",
"日期" : "2019.03.29 00:15:28:615",
"方法名" : "连接数据库"
}
[INFO] [76549BF2-ECA3-46D1-89D0-BFCD1DC2ED11] [2019-03-29 00:15:28 GMT+08:00] {
"信息内容" : "FilePlay成功",
"日期" : "2019.03.29 00:15:28:619",
"方法名" : "连接Schema："
}
[INFO] [0B1B0DAE-557A-49FA-AA64-A2150A697D99] [2019-03-29 00:15:28 GMT+08:00] {
"信息内容" : "FilePlay成功",
"日期" : "2019.03.29 00:15:28:624",
"方法名" : "连接Schema："
}
[INFO] [B3AFD17C-E3DA-4FF6-895A-AD329D1ACA61] [2019-03-29 00:15:28 GMT+08:00] {
"信息内容" : "",
"日期" : "2019.03.29 00:15:28:630",
"方法名" : "用户动态列表"
}
[INFO] [3F32BE2E-5C93-49DC-87A8-E21CE2A75371] [2019-03-29 00:15:49 GMT+08:00] {
"信息内容" : "Unknown column 'dynamic_table.itemId' in 'group statement'",
"日期" : "2019.03.29 00:15:49:992",
"方法名" : "用户动态列表"
}
[INFO] [83BF4E18-2492-4111-88D3-D52066F250DD] [2019-03-29 00:16:13 GMT+08:00] Server Start Successful
[INFO] [AAE25AE4-E19C-4F9E-9791-478B7F13CBB0] [2019-03-29 00:16:37 GMT+08:00] {
"日期" : "2019.03.29 00:16:37:376",
"信息内容" : "成功",
"方法名" : "连接数据库"
}
[INFO] [BCF7F9A7-E432-4C40-A4EA-59C07506E051] [2019-03-29 00:16:37 GMT+08:00] {
"日期" : "2019.03.29 00:16:37:377",
"信息内容" : "成功",
"方法名" : "连接数据库"
}
[INFO] [C8098638-F3FC-46F3-BC4F-482F2073F039] [2019-03-29 00:16:37 GMT+08:00] {
"日期" : "2019.03.29 00:16:37:379",
"信息内容" : "FilePlay成功",
"方法名" : "连接Schema："
}
[INFO] [E6EBA2C3-D981-4502-AE5C-B233D8D2B843] [2019-03-29 00:16:37 GMT+08:00] {
"日期" : "2019.03.29 00:16:37:385",
"信息内容" : "FilePlay成功",
"方法名" : "连接Schema："
}
[INFO] [2BC067D4-1353-4EDE-BC11-ACBBB0112025] [2019-03-29 00:16:37 GMT+08:00] {
"日期" : "2019.03.29 00:16:37:386",
"信息内容" : "Expression #12 of SELECT list is not in GROUP BY clause and contains nonaggregated column 'fileplay.movie_table.title' which is not functionally dependent on columns in GROUP BY clause; this is incompatible with sql_mode=only_full_group_by",
"方法名" : "用户动态列表"
}
[INFO] [075761C4-E03A-483E-85B7-D37457A27D99] [2019-03-29 20:34:05 GMT+08:00] Server Start Successful
[INFO] [65364BBF-98FA-45D0-BB06-9D86F54B4710] [2019-03-29 20:34:36 GMT+08:00] {
"日期" : "2019.03.29 20:34:36:271",
"信息内容" : "成功",
"方法名" : "连接数据库"
}
[INFO] [51D6FFB6-EEC8-477F-A9F3-FA36C9B54913] [2019-03-29 20:34:36 GMT+08:00] {
"日期" : "2019.03.29 20:34:36:279",
"信息内容" : "FilePlay成功",
"方法名" : "连接Schema："
}
[INFO] [BF9B0355-FA2E-4A05-B461-2DAF7B813089] [2019-03-29 20:35:18 GMT+08:00] Server Start Successful
[INFO] [3A7A2BFC-857A-4C11-A5F8-EDB5FBFFEDF1] [2019-03-29 20:35:24 GMT+08:00] {
"日期" : "2019.03.29 20:35:24:132",
"方法名" : "连接数据库",
"信息内容" : "成功"
}
[INFO] [C1D589C3-7F6A-4917-BE47-7582626C9E44] [2019-03-29 20:35:24 GMT+08:00] {
"日期" : "2019.03.29 20:35:24:136",
"方法名" : "连接Schema：",
"信息内容" : "FilePlay成功"
}
[INFO] [85D7254F-B6AC-464B-8023-9A98777327E4] [2019-03-29 21:27:26 GMT+08:00] Server Start Successful
[INFO] [2F61DEDF-E330-448F-B928-DDD624CC5082] [2019-03-29 21:27:35 GMT+08:00] {
"信息内容" : "成功",
"日期" : "2019.03.29 21:27:35:122",
"方法名" : "连接数据库"
}
[INFO] [8309C6A1-08BF-4E17-9008-0EBDEE5C91B4] [2019-03-29 21:27:35 GMT+08:00] {
"信息内容" : "FilePlay成功",
"日期" : "2019.03.29 21:27:35:125",
"方法名" : "连接Schema："
}
[INFO] [519C0F58-96DC-484F-A75E-9196DDE653E5] [2019-03-29 22:38:09 GMT+08:00] Server Start Successful
[INFO] [CE8BA94C-C768-4F2B-A6E5-6694EE459535] [2019-03-29 22:38:10 GMT+08:00] {
  "信息内容" : "成功",
  "日期" : "2019.03.29 22:38:10:843",
  "方法名" : "连接数据库"
}
[INFO] [4E2586C2-81EC-4B11-9E15-E5C57471C3EA] [2019-03-29 22:38:10 GMT+08:00] {
  "信息内容" : "FilePlay成功",
  "日期" : "2019.03.29 22:38:10:845",
  "方法名" : "连接Schema："
}
[INFO] [FA372B9F-44C4-43F3-964A-4059C6A5F134] [2019-03-29 22:38:41 GMT+08:00] {
  "信息内容" : "Expression #12 of SELECT list is not in GROUP BY clause and contains nonaggregated column 'fileplay.movie_table.title' which is not functionally dependent on columns in GROUP BY clause; this is incompatible with sql_mode=only_full_group_by",
  "日期" : "2019.03.29 22:38:41:400",
  "方法名" : "用户动态列表"
}
[INFO] [0DB8B413-2E8D-4E96-B337-50F41AB65BA9] [2019-03-30 21:54:37 GMT+08:00] Server Start Successful
[INFO] [504B7E08-DBA5-4B86-B419-55E143AE7322] [2019-03-30 21:54:43 GMT+08:00] {
  "方法名" : "连接数据库",
  "信息内容" : "成功",
  "日期" : "2019.03.30 21:54:43:862"
}
[INFO] [876C6A39-28A9-4C0A-A835-2BBBBD8065A8] [2019-03-30 21:54:43 GMT+08:00] {
  "方法名" : "连接Schema：",
  "信息内容" : "FilePlay成功",
  "日期" : "2019.03.30 21:54:43:868"
}
[INFO] [EAECD5E3-EA42-4A03-B632-16A657570DC8] [2019-03-30 21:56:40 GMT+08:00] {
  "方法名" : "电影详情是否存在",
  "信息内容" : "Unknown column 'itemId' in 'field list'",
  "日期" : "2019.03.30 21:56:40:868"
}
[INFO] [DC20BA1A-7018-4A1D-903A-0F863F375F98] [2019-03-30 21:57:10 GMT+08:00] Server Start Successful
[INFO] [9C133CDD-ADC6-4C0A-A400-583A7B11DC04] [2019-03-30 21:57:18 GMT+08:00] {
  "方法名" : "连接数据库",
  "信息内容" : "成功",
  "日期" : "2019.03.30 21:57:18:698"
}
[INFO] [850EC7A6-521B-4469-926E-E83A392D9027] [2019-03-30 21:57:18 GMT+08:00] {
  "方法名" : "连接Schema：",
  "信息内容" : "FilePlay成功",
  "日期" : "2019.03.30 21:57:18:702"
}
[INFO] [7FBA1B39-D0CE-4A1D-B77B-A18BE54EB917] [2019-03-30 22:08:00 GMT+08:00] Server Start Successful
[INFO] [DDC6C03B-B566-4BEE-99DA-AAA65F8EE2A8] [2019-03-30 22:08:08 GMT+08:00] {
  "方法名" : "连接数据库",
  "信息内容" : "成功",
  "日期" : "2019.03.30 22:08:08:361"
}
[INFO] [76281A89-02AD-4227-A26B-A19CB3DFCD11] [2019-03-30 22:08:08 GMT+08:00] {
  "方法名" : "连接Schema：",
  "信息内容" : "FilePlay成功",
  "日期" : "2019.03.30 22:08:08:364"
}
[INFO] [ADCDCF68-D529-4EC0-8833-E5B4246FE5F6] [2019-03-30 22:08:56 GMT+08:00] Server Start Successful
[INFO] [3362291F-7C02-4EC5-A0FE-B0E0670FEAC5] [2019-03-30 22:09:02 GMT+08:00] {
  "信息内容" : "成功",
  "方法名" : "连接数据库",
  "日期" : "2019.03.30 22:09:02:630"
}
[INFO] [3C49C90A-D572-42E8-B6CD-FED0542C16CB] [2019-03-30 22:09:02 GMT+08:00] {
  "信息内容" : "FilePlay成功",
  "方法名" : "连接Schema：",
  "日期" : "2019.03.30 22:09:02:632"
}
[INFO] [F5F1D885-75FA-4DBD-A9E7-1C56AC0E435C] [2019-03-30 22:12:56 GMT+08:00] Server Start Successful
[INFO] [3C7839AC-23FD-4855-8BE7-A1A912348C7B] [2019-03-30 22:15:10 GMT+08:00] Server Start Successful
[INFO] [3FE6FDB6-D1ED-4439-ABD5-D64028AA330E] [2019-03-30 22:15:23 GMT+08:00] {
  "方法名" : "连接数据库",
  "日期" : "2019.03.30 22:15:23:808",
  "信息内容" : "成功"
}
[INFO] [41B7EADE-EEFD-4E4B-B723-8E6CAA4EFB0B] [2019-03-30 22:15:23 GMT+08:00] {
  "方法名" : "连接Schema：",
  "日期" : "2019.03.30 22:15:23:815",
  "信息内容" : "FilePlay成功"
}
[INFO] [06D9C7F9-70BE-46A5-885C-1A914AD311BF] [2019-03-30 22:25:23 GMT+08:00] Server Start Successful
[INFO] [8BB0A1C5-663C-4EFD-9E13-5D22ECB5A310] [2019-03-30 22:25:35 GMT+08:00] {
  "日期" : "2019.03.30 22:25:35:955",
  "信息内容" : "成功",
  "方法名" : "连接数据库"
}
[INFO] [4E221E7C-121A-4060-81ED-5D1D64A76FE6] [2019-03-30 22:25:35 GMT+08:00] {
  "日期" : "2019.03.30 22:25:35:958",
  "信息内容" : "FilePlay成功",
  "方法名" : "连接Schema："
}
[INFO] [28691AF2-4A2C-442C-993C-8DF01F1B6E71] [2019-03-30 22:28:13 GMT+08:00] Server Start Successful
[INFO] [D7CDA7A6-39C5-4D6F-AB9F-03BBD50A84E4] [2019-03-30 22:28:37 GMT+08:00] {
  "信息内容" : "成功",
  "日期" : "2019.03.30 22:28:37:540",
  "方法名" : "连接数据库"
}
[INFO] [B460242B-C5CA-440F-A741-EF13AF86EED2] [2019-03-30 22:28:37 GMT+08:00] {
  "信息内容" : "FilePlay成功",
  "日期" : "2019.03.30 22:28:37:542",
  "方法名" : "连接Schema："
}
[INFO] [A7241488-8407-42D4-8D85-78F40953138A] [2019-03-30 22:35:11 GMT+08:00] {
  "信息内容" : "Unknown column 'movie_table.objectId' in 'field list'",
  "日期" : "2019.03.30 22:35:11:253",
  "方法名" : "用户动态列表"
}
[INFO] [53A02FDD-9F6F-442C-989B-383C862DEF8A] [2019-03-30 22:36:31 GMT+08:00] Server Start Successful
[INFO] [BB0ECC54-9883-4886-850D-B37289D611A4] [2019-03-30 22:36:54 GMT+08:00] {
  "日期" : "2019.03.30 22:36:54:025",
  "信息内容" : "成功",
  "方法名" : "连接数据库"
}
[INFO] [3633FC45-CF51-4CDC-ADAA-6B15A8EF837B] [2019-03-30 22:36:54 GMT+08:00] {
  "日期" : "2019.03.30 22:36:54:025",
  "信息内容" : "成功",
  "方法名" : "连接数据库"
}
[INFO] [8BC7BFF4-0B95-49F9-9083-754C6B5DF197] [2019-03-30 22:36:54 GMT+08:00] {
  "日期" : "2019.03.30 22:36:54:028",
  "信息内容" : "FilePlay成功",
  "方法名" : "连接Schema："
}
[INFO] [0E5CCCDD-29DE-4FDC-A467-D06E51D048BC] [2019-03-30 22:36:54 GMT+08:00] {
  "日期" : "2019.03.30 22:36:54:028",
  "信息内容" : "FilePlay成功",
  "方法名" : "连接Schema："
}
[INFO] [E91B71B4-5021-4244-A82F-FDBF3DD9C254] [2019-03-30 22:42:27 GMT+08:00] Server Start Successful
[INFO] [B84FBF10-7473-4D3E-8745-D26240FDDD09] [2019-03-30 22:42:37 GMT+08:00] {
  "日期" : "2019.03.30 22:42:37:131",
  "信息内容" : "成功",
  "方法名" : "连接数据库"
}
[INFO] [ACDA8C62-DFB4-4B74-B548-DF9ED25B6351] [2019-03-30 22:42:37 GMT+08:00] {
  "日期" : "2019.03.30 22:42:37:133",
  "信息内容" : "FilePlay成功",
  "方法名" : "连接Schema："
}
[INFO] [C9FA9A23-AF70-406F-80CD-41DCFCC6181D] [2019-03-30 22:58:31 GMT+08:00] Server Start Successful
[INFO] [79C5A936-5693-4CFE-BEF3-4B38F17336C9] [2019-03-30 22:58:35 GMT+08:00] {
  "信息内容" : "成功",
  "日期" : "2019.03.30 22:58:35:668",
  "方法名" : "连接数据库"
}
[INFO] [A103AC39-73DD-429A-88E4-180CBCFE9948] [2019-03-30 22:58:35 GMT+08:00] {
  "信息内容" : "成功",
  "日期" : "2019.03.30 22:58:35:668",
  "方法名" : "连接数据库"
}
[INFO] [AA2B2330-A5C0-47EA-AB97-48EA4D476894] [2019-03-30 22:58:35 GMT+08:00] {
  "信息内容" : "FilePlay成功",
  "日期" : "2019.03.30 22:58:35:671",
  "方法名" : "连接Schema："
}
[INFO] [050FAA05-A835-487B-B54E-FC77A9855DFF] [2019-03-30 22:58:35 GMT+08:00] {
  "信息内容" : "FilePlay成功",
  "日期" : "2019.03.30 22:58:35:671",
  "方法名" : "连接Schema："
}
[INFO] [745E04B9-1EF6-43BB-833B-3FABCD58C404] [2019-03-30 22:59:28 GMT+08:00] Server Start Successful
[INFO] [B09DDEF1-0F55-4E5E-8461-9D3C20A26EDA] [2019-03-30 22:59:31 GMT+08:00] {
  "信息内容" : "成功",
  "方法名" : "连接数据库",
  "日期" : "2019.03.30 22:59:31:048"
}
[INFO] [100D154A-6C0F-4335-A6E4-190F90C63601] [2019-03-30 22:59:31 GMT+08:00] {
  "信息内容" : "FilePlay成功",
  "方法名" : "连接Schema：",
  "日期" : "2019.03.30 22:59:31:049"
}
[INFO] [93A06D72-8348-4E03-9E58-37383258655E] [2019-03-30 23:03:06 GMT+08:00] Server Start Successful
[INFO] [1A96D5D8-F678-4C94-9161-C719C99933BD] [2019-03-30 23:03:13 GMT+08:00] {
  "日期" : "2019.03.30 23:03:13:826",
  "信息内容" : "成功",
  "方法名" : "连接数据库"
}
[INFO] [D5543C20-DA4F-4BB2-9AC3-47E0A345D998] [2019-03-30 23:03:13 GMT+08:00] {
  "日期" : "2019.03.30 23:03:13:828",
  "信息内容" : "FilePlay成功",
  "方法名" : "连接Schema："
}
[INFO] [2B95B157-5889-4359-B21D-895AC8A67CC9] [2019-03-30 23:08:45 GMT+08:00] Server Start Successful
[INFO] [5BB008E1-34A9-4AEF-AAF6-FDF87652163E] [2019-03-30 23:08:58 GMT+08:00] {
  "方法名" : "连接数据库",
  "日期" : "2019.03.30 23:08:58:593",
  "信息内容" : "成功"
}
[INFO] [C73DC1C9-4926-414B-AA00-FD3D964CD7F3] [2019-03-30 23:08:58 GMT+08:00] {
  "方法名" : "连接Schema：",
  "日期" : "2019.03.30 23:08:58:595",
  "信息内容" : "FilePlay成功"
}
[INFO] [5D16DD6B-34F2-4080-9F78-1967F3A50902] [2019-03-30 23:21:37 GMT+08:00] Server Start Successful
[INFO] [8228D437-8E6C-438B-9EDC-88FFBD0511A1] [2019-03-30 23:22:12 GMT+08:00] {
  "方法名" : "连接数据库",
  "信息内容" : "成功",
  "日期" : "2019.03.30 23:22:12:450"
}
[INFO] [AE2AB929-53FA-436B-92ED-1308B65EF385] [2019-03-30 23:22:12 GMT+08:00] {
  "方法名" : "连接Schema：",
  "信息内容" : "FilePlay成功",
  "日期" : "2019.03.30 23:22:12:453"
}
[INFO] [097ABDEB-B217-4FB2-8C22-8ACD51844B6B] [2019-03-30 23:23:11 GMT+08:00] Server Start Successful
[INFO] [13A95785-B3F6-48E5-B154-A7E8E060873E] [2019-03-30 23:23:15 GMT+08:00] {
  "方法名" : "连接数据库",
  "日期" : "2019.03.30 23:23:15:505",
  "信息内容" : "成功"
}
[INFO] [14D6B3CC-ADC3-4DC3-BECE-057CB3409238] [2019-03-30 23:23:15 GMT+08:00] {
  "方法名" : "连接Schema：",
  "日期" : "2019.03.30 23:23:15:506",
  "信息内容" : "FilePlay成功"
}
[INFO] [096FFCC2-3E30-4932-9090-93781DF90169] [2019-03-31 23:43:11 GMT+08:00] Server Start Successful
[INFO] [92E6F4B1-57FC-44B7-A38A-B59B5CEA9CEA] [2019-03-31 23:43:21 GMT+08:00] {
  "方法名" : "连接数据库",
  "日期" : "2019.03.31 23:43:21:974",
  "信息内容" : "失败：Can't connect to MySQL server on '127.0.0.1' (61)"
}
[INFO] [E1A7A19F-E901-48EA-849F-596CC1BA1D27] [2019-03-31 23:43:21 GMT+08:00] {
  "方法名" : "连接Schema",
  "日期" : "2019.03.31 23:43:21:977",
  "信息内容" : "错误代码：2006 错误解释：MySQL server has gone away"
}
[INFO] [A83B2B9A-B5C9-454C-8716-E05CB63EA125] [2019-03-31 23:43:21 GMT+08:00] {
  "方法名" : "用户是否存在",
  "日期" : "2019.03.31 23:43:21:978",
  "信息内容" : "MySQL server has gone away"
}
[INFO] [851B7D81-DE14-4704-8135-E21EE5015F7C] [2019-03-31 23:43:56 GMT+08:00] Server Start Successful
[INFO] [23017F1B-FAB5-41E0-B518-E7AA0B7C9012] [2019-03-31 23:44:45 GMT+08:00] {
  "方法名" : "连接数据库",
  "日期" : "2019.03.31 23:44:45:218",
  "信息内容" : "成功"
}
[INFO] [01D17D05-2D05-40B5-B3EE-6B855FF22E99] [2019-03-31 23:44:45 GMT+08:00] {
  "方法名" : "连接Schema：",
  "日期" : "2019.03.31 23:44:45:220",
  "信息内容" : "FilePlay成功"
}
[INFO] [95D670E2-FEC0-4D97-9ACC-7B2B45F3277B] [2019-04-04 23:47:29 GMT+08:00] Server Start Successful
[INFO] [39952D87-6A2D-4627-94C4-1CE591069D22] [2019-04-04 23:59:19 GMT+08:00] {
  "信息内容" : "成功",
  "日期" : "2019.04.04 23:59:19:259",
  "方法名" : "连接数据库"
}
[INFO] [E791A1EC-C4BE-4630-9E5E-93C4D2C993A3] [2019-04-04 23:59:19 GMT+08:00] {
  "方法名" : "连接Schema：",
  "日期" : "2019.04.04 23:59:19:262",
  "信息内容" : "FilePlay成功"
}
[INFO] [AFBBB400-2049-497C-A15D-092BAF39E4AB] [2019-04-18 22:42:06 GMT+08:00] Server Start Successful
[INFO] [0A9DF623-FAE4-4394-93C9-8570CFBFC5FE] [2019-04-18 22:44:00 GMT+08:00] {
  "方法名" : "连接数据库",
  "信息内容" : "成功",
  "日期" : "2019.04.18 22:44:00:467"
}
[INFO] [F0E84A95-A441-4097-A6F6-3D72148C424C] [2019-04-18 22:44:00 GMT+08:00] {
  "方法名" : "连接Schema：",
  "信息内容" : "FilePlay成功",
  "日期" : "2019.04.18 22:44:00:471"
}
[INFO] [9EEB4142-019E-4BE4-B446-505889006B48] [2019-04-19 00:53:39 GMT+08:00] Server Start Successful
[INFO] [6604CA4A-7EDE-45B7-84FD-4147A0752A4B] [2019-04-19 00:53:42 GMT+08:00] {
  "信息内容" : "成功",
  "方法名" : "连接数据库",
  "日期" : "2019.04.19 00:53:42:384"
}
[INFO] [6B9AE674-CA54-4488-9A52-DC1F13CC2FEB] [2019-04-19 00:53:42 GMT+08:00] {
  "方法名" : "连接Schema：",
  "信息内容" : "FilePlay成功",
  "日期" : "2019.04.19 00:53:42:388"
}
[INFO] [2C5698E2-CA44-4281-BD03-BF1E4D2383CB] [2019-04-19 00:53:55 GMT+08:00] Server Start Successful
[INFO] [4CE00ACE-EAEC-4AFD-A2A4-5B1CCEA3FF68] [2019-04-19 00:54:22 GMT+08:00] {
  "方法名" : "连接数据库",
  "日期" : "2019.04.19 00:54:22:014",
  "信息内容" : "成功"
}
[INFO] [19C4B2B3-A59D-4808-A40E-39D55688517B] [2019-04-19 00:54:22 GMT+08:00] {
  "日期" : "2019.04.19 00:54:22:014",
  "方法名" : "连接数据库",
  "信息内容" : "成功"
}
[INFO] [69048D40-7B77-4D81-B89E-C9517C4B6347] [2019-04-19 00:54:22 GMT+08:00] {
  "方法名" : "连接Schema：",
  "信息内容" : "FilePlay成功",
  "日期" : "2019.04.19 00:54:22:017"
}
[INFO] [184D3659-244B-4339-8FDE-7944B1338B04] [2019-04-19 00:54:22 GMT+08:00] {
  "日期" : "2019.04.19 00:54:22:017",
  "信息内容" : "FilePlay成功",
  "方法名" : "连接Schema："
}
[INFO] [142CC8A1-3525-47D1-AF8A-51F628BD8806] [2019-04-19 00:55:03 GMT+08:00] Server Start Successful
[INFO] [63E4D676-8D2C-4887-BB87-44880880A849] [2019-04-19 00:55:05 GMT+08:00] {
  "日期" : "2019.04.19 00:55:05:052",
  "方法名" : "连接数据库",
  "信息内容" : "成功"
}
[INFO] [ED80615A-D2AE-49E4-B6E3-7C11550BC7CF] [2019-04-19 00:55:05 GMT+08:00] {
  "信息内容" : "FilePlay成功",
  "方法名" : "连接Schema：",
  "日期" : "2019.04.19 00:55:05:055"
}
[INFO] [E8F498AD-CEF2-440B-8F2D-3E87FBC9F85F] [2019-04-19 00:56:09 GMT+08:00] Server Start Successful
[INFO] [7D3D400D-DBC7-4154-BA44-B91B48928587] [2019-04-19 00:56:14 GMT+08:00] {
  "方法名" : "连接数据库",
  "信息内容" : "成功",
  "日期" : "2019.04.19 00:56:14:156"
}
[INFO] [F05317AF-9405-43C8-ACB0-8B6388609D6B] [2019-04-19 00:56:14 GMT+08:00] {
  "方法名" : "连接Schema：",
  "信息内容" : "FilePlay成功",
  "日期" : "2019.04.19 00:56:14:157"
}
[INFO] [D4B6A404-766D-466C-B965-31A2ABB4179D] [2019-04-19 00:56:22 GMT+08:00] Server Start Successful
[INFO] [1DEBDE0C-A89C-472C-812C-8E116F6DC401] [2019-04-19 00:56:55 GMT+08:00] {
  "日期" : "2019.04.19 00:56:55:667",
  "信息内容" : "成功",
  "方法名" : "连接数据库"
}
[INFO] [922D89AD-69BA-4EFB-8EC3-F68EE6990867] [2019-04-19 00:56:55 GMT+08:00] {
  "日期" : "2019.04.19 00:56:55:669",
  "信息内容" : "FilePlay成功",
  "方法名" : "连接Schema："
}
[INFO] [54A8418F-DBFE-451D-AD7B-018E45CDABA3] [2019-04-19 01:12:03 GMT+08:00] Server Start Successful
[INFO] [F9B1584F-96DF-44BE-8867-7E763F2D1488] [2019-04-19 01:12:19 GMT+08:00] {
  "信息内容" : "成功",
  "方法名" : "连接数据库",
  "日期" : "2019.04.19 01:12:19:172"
}
[INFO] [226BD642-8474-4925-A27F-269E26B7932A] [2019-04-19 01:12:19 GMT+08:00] {
  "方法名" : "连接Schema：",
  "信息内容" : "FilePlay成功",
  "日期" : "2019.04.19 01:12:19:175"
}
[INFO] [A1E91550-397C-486C-AB1B-AAFFC756A861] [2019-04-19 01:12:41 GMT+08:00] Server Start Successful
[INFO] [15C82FFB-C289-401D-BED3-EEA745FCD373] [2019-04-19 01:13:11 GMT+08:00] {
  "信息内容" : "成功",
  "日期" : "2019.04.19 01:13:11:284",
  "方法名" : "连接数据库"
}
[INFO] [31557932-8335-46D8-BC66-860D5244B15C] [2019-04-19 01:13:11 GMT+08:00] {
  "方法名" : "连接数据库",
  "日期" : "2019.04.19 01:13:11:284",
  "信息内容" : "成功"
}
[INFO] [51E3A373-9482-4ECB-B781-486DC79F7596] [2019-04-19 01:13:11 GMT+08:00] {
  "日期" : "2019.04.19 01:13:11:288",
  "信息内容" : "FilePlay成功",
  "方法名" : "连接Schema："
}
[INFO] [03D337F9-10E5-4370-A8D1-187C829833BC] [2019-04-19 01:13:11 GMT+08:00] {
  "信息内容" : "FilePlay成功",
  "日期" : "2019.04.19 01:13:11:288",
  "方法名" : "连接Schema："
}
[INFO] [3D593DA2-127C-426C-BE14-12B4219A7F81] [2019-04-19 01:13:38 GMT+08:00] Server Start Successful
[INFO] [29488DF9-ADFB-4D6E-96BF-5410605CE2F5] [2019-04-19 01:13:46 GMT+08:00] {
  "日期" : "2019.04.19 01:13:46:405",
  "方法名" : "连接数据库",
  "信息内容" : "成功"
}
[INFO] [41B6E898-58F6-4DB5-BC00-0556EF5AE82F] [2019-04-19 01:13:46 GMT+08:00] {
  "日期" : "2019.04.19 01:13:46:405",
  "信息内容" : "成功",
  "方法名" : "连接数据库"
}
[INFO] [4266FB67-A373-4103-95C0-A1C343F099C1] [2019-04-19 01:13:46 GMT+08:00] {
  "日期" : "2019.04.19 01:13:46:407",
  "方法名" : "连接Schema：",
  "信息内容" : "FilePlay成功"
}
[INFO] [DE5D6B2C-78A7-426B-B105-5E7FB621B268] [2019-04-19 01:13:46 GMT+08:00] {
  "日期" : "2019.04.19 01:13:46:407",
  "信息内容" : "FilePlay成功",
  "方法名" : "连接Schema："
}
[INFO] [893A710D-F7B0-4822-8742-510EDA1A130F] [2019-04-19 01:13:56 GMT+08:00] Server Start Successful
[INFO] [344440D8-3337-44B9-89EA-F388F27997D4] [2019-04-19 01:14:05 GMT+08:00] {
  "信息内容" : "成功",
  "日期" : "2019.04.19 01:14:05:279",
  "方法名" : "连接数据库"
}
[INFO] [1D2A4969-CA42-4578-9D66-642EDD9797AC] [2019-04-19 01:14:05 GMT+08:00] {
  "信息内容" : "成功",
  "日期" : "2019.04.19 01:14:05:279",
  "方法名" : "连接数据库"
}
[INFO] [23572BA8-A878-4E1E-BF51-CB407850F374] [2019-04-19 01:14:05 GMT+08:00] {
  "信息内容" : "FilePlay成功",
  "日期" : "2019.04.19 01:14:05:280",
  "方法名" : "连接Schema："
}
[INFO] [F832D51A-8031-4935-AD06-5099DF1EFCD7] [2019-04-19 01:14:05 GMT+08:00] {
  "日期" : "2019.04.19 01:14:05:280",
  "方法名" : "连接Schema：",
  "信息内容" : "FilePlay成功"
}
[INFO] [5F8AC17D-13B5-4C17-BB60-0DA1B0BAD20C] [2019-04-19 01:14:22 GMT+08:00] Server Start Successful
[INFO] [07F6E5A3-08D6-47A7-8273-352C8443DB7E] [2019-04-19 01:14:23 GMT+08:00] {
  "信息内容" : "成功",
  "日期" : "2019.04.19 01:14:23:406",
  "方法名" : "连接数据库"
}
[INFO] [1669B1F9-2AA6-4F36-9851-6A0549499DF1] [2019-04-19 01:14:23 GMT+08:00] {
  "信息内容" : "FilePlay成功",
  "日期" : "2019.04.19 01:14:23:407",
  "方法名" : "连接Schema："
}
[INFO] [1C9EB2F3-324C-41FC-AA1E-5910250BC98A] [2019-04-19 01:14:53 GMT+08:00] Server Start Successful
[INFO] [74C47B6C-7FEF-4C88-9BC4-34EF2B54C39D] [2019-04-19 01:14:56 GMT+08:00] {
  "日期" : "2019.04.19 01:14:56:473",
  "方法名" : "连接数据库",
  "信息内容" : "成功"
}
[INFO] [11D9C22E-FC11-44BA-836C-4BA8E60DC9B8] [2019-04-19 01:14:56 GMT+08:00] {
  "日期" : "2019.04.19 01:14:56:475",
  "方法名" : "连接Schema：",
  "信息内容" : "FilePlay成功"
}
[INFO] [3B73EF52-31A3-4C08-85E8-B25EC14A0EFD] [2019-04-19 22:10:57 GMT+08:00] Server Start Successful
[INFO] [29FB7BB8-8090-48B3-AC58-B1A662C10B17] [2019-04-19 22:11:00 GMT+08:00] {
  "信息内容" : "成功",
  "日期" : "2019.04.19 22:11:00:805",
  "方法名" : "连接数据库"
}
[INFO] [3F07F341-C46C-44DB-857D-273BEC9CA6CD] [2019-04-19 22:11:00 GMT+08:00] {
  "信息内容" : "FilePlay成功",
  "方法名" : "连接Schema：",
  "日期" : "2019.04.19 22:11:00:807"
}
[INFO] [A7E8AFFA-546B-4EAE-9698-6D2B9C076674] [2019-04-23 00:18:21 GMT+08:00] {
  "信息内容" : "Lost connection to MySQL server during query",
  "日期" : "2019.04.23 00:18:21:118",
  "方法名" : "用户是否存在"
}
[INFO] [5F466A35-CE89-49B3-A6A6-39A6C9B71191] [2019-04-23 00:19:08 GMT+08:00] {
  "方法名" : "用户是否存在",
  "日期" : "2019.04.23 00:19:08:660",
  "信息内容" : "MySQL server has gone away"
}
[INFO] [4B13F281-5179-402D-80A8-70D5774F11AC] [2019-04-23 00:19:10 GMT+08:00] {
  "日期" : "2019.04.23 00:19:10:958",
  "方法名" : "用户是否存在",
  "信息内容" : "MySQL server has gone away"
}
[INFO] [86E558C2-D9D8-4009-935C-69EAD34593FC] [2019-04-23 00:19:10 GMT+08:00] {
  "方法名" : "用户动态列表",
  "信息内容" : "MySQL server has gone away",
  "日期" : "2019.04.23 00:19:10:985"
}
[INFO] [D6C56474-F539-4316-9726-7BFCFE9E53A1] [2019-04-23 00:19:28 GMT+08:00] Server Start Successful
[INFO] [FCA42A01-58B2-457C-BF2E-A10ADC320381] [2019-04-23 00:19:48 GMT+08:00] {
  "日期" : "2019.04.23 00:19:48:581",
  "方法名" : "连接数据库",
  "信息内容" : "成功"
}
[INFO] [BBACF3AD-6E54-433F-A3A2-05415D528B65] [2019-04-23 00:19:48 GMT+08:00] {
  "日期" : "2019.04.23 00:19:48:581",
  "方法名" : "连接数据库",
  "信息内容" : "成功"
}
[INFO] [9083CBD1-3E61-4C71-8DA8-6BCE060749ED] [2019-04-23 00:19:48 GMT+08:00] {
  "方法名" : "连接Schema：",
  "信息内容" : "FilePlay成功",
  "日期" : "2019.04.23 00:19:48:586"
}
[INFO] [E0AEA7B1-6AB1-4C53-8510-1CDF106BB190] [2019-04-23 00:19:48 GMT+08:00] {
  "日期" : "2019.04.23 00:19:48:586",
  "方法名" : "连接Schema：",
  "信息内容" : "FilePlay成功"
}
[INFO] [16349C4F-8FE2-41F6-A62B-01830A537E3F] [2019-04-23 00:20:00 GMT+08:00] Server Start Successful
[INFO] [03067EBD-E00F-476F-A45D-7F51F801EC53] [2019-04-23 00:20:02 GMT+08:00] {
  "信息内容" : "成功",
  "日期" : "2019.04.23 00:20:02:838",
  "方法名" : "连接数据库"
}
[INFO] [BCC6C0E0-E917-49EC-A3F5-AD9C5ACEBBCE] [2019-04-23 00:20:02 GMT+08:00] {
  "信息内容" : "FilePlay成功",
  "日期" : "2019.04.23 00:20:02:840",
  "方法名" : "连接Schema："
}
[INFO] [CC2936AD-E804-4A44-AE4E-B6DAD1341E85] [2019-04-24 22:33:11 GMT+08:00] {
  "方法名" : "用户是否存在",
  "信息内容" : "Lost connection to MySQL server during query",
  "日期" : "2019.04.24 22:33:11:639"
}
[INFO] [408099F5-C402-41CB-8689-54BC983E0E6F] [2019-04-25 00:00:23 GMT+08:00] {
  "日期" : "2019.04.25 00:00:23:113",
  "方法名" : "用户是否存在",
  "信息内容" : "MySQL server has gone away"
}
[INFO] [26E7FD63-78C0-4B4E-93DD-405BD2CCF35E] [2019-04-25 00:00:50 GMT+08:00] {
  "方法名" : "用户是否存在",
  "日期" : "2019.04.25 00:00:50:649",
  "信息内容" : "MySQL server has gone away"
}
[INFO] [3EED99EA-3274-49D1-91FD-F4095740FAA1] [2019-04-25 00:00:52 GMT+08:00] {
  "日期" : "2019.04.25 00:00:52:934",
  "信息内容" : "MySQL server has gone away",
  "方法名" : "用户是否存在"
}
[INFO] [D77A11CE-4937-440A-8204-0BCD1F6022CA] [2019-04-25 00:00:52 GMT+08:00] {
  "方法名" : "用户动态列表",
  "信息内容" : "MySQL server has gone away",
  "日期" : "2019.04.25 00:00:52:960"
}
[INFO] [715CE1F8-0DB8-441D-A7A5-E47FE2C1223C] [2019-04-25 00:00:55 GMT+08:00] {
  "方法名" : "用户是否存在",
  "信息内容" : "MySQL server has gone away",
  "日期" : "2019.04.25 00:00:55:248"
}
[INFO] [00ED540B-D7CE-4270-B144-EF154CAB3CEA] [2019-04-25 00:00:57 GMT+08:00] {
  "方法名" : "用户是否存在",
  "日期" : "2019.04.25 00:00:57:956",
  "信息内容" : "MySQL server has gone away"
}
[INFO] [D8D2918B-2671-4343-93FB-06676C1758EE] [2019-05-04 02:44:47 GMT+08:00] Server Start Successful
[ERROR] [3C31294F-52AD-47AA-B159-CDD1E2461C9C] [2019-05-04 02:44:47 GMT+08:00] Failure Start Server：networkError(48, "Address already in use /Users/4work/Documents/FilePlay/Server/FilePlay/.build/checkouts/Perfect-Net/Sources/PerfectNet/Net.swift bind(port:address:) 273")
[INFO] [123E75D5-6A72-42E3-868C-09ECBE13AD47] [2019-05-04 02:44:53 GMT+08:00] {
  "信息内容" : "MySQL server has gone away",
  "方法名" : "用户是否存在",
  "日期" : "2019.05.04 02:44:53:041"
}
[INFO] [8DFBDFA4-85A8-42A8-BB1C-007547B33B61] [2019-05-04 02:45:07 GMT+08:00] {
  "方法名" : "用户是否存在",
  "日期" : "2019.05.04 02:45:07:766",
  "信息内容" : "MySQL server has gone away"
}
[INFO] [0CB251EC-921E-4659-B3BA-B3BE751800F4] [2019-05-04 10:40:40 GMT+08:00] Server Start Successful
[INFO] [2B4E2672-B8B3-43E1-9509-D8BF833599A2] [2019-05-04 10:41:06 GMT+08:00] {
  "方法名" : "连接数据库",
  "信息内容" : "成功",
  "日期" : "2019.05.04 10:41:06:016"
}
[INFO] [B6B80DE6-3C86-4608-BD52-1A45906566AD] [2019-05-04 10:41:06 GMT+08:00] {
  "方法名" : "连接Schema：",
  "信息内容" : "FilePlay成功",
  "日期" : "2019.05.04 10:41:06:032"
}
